-- The C compiler identification is GNU 7.5.0
-- The CXX compiler identification is GNU 9.4.0
-- Check for working C compiler: /usr/bin/cc
-- Check for working C compiler: /usr/bin/cc -- works
-- Detecting C compiler ABI info
-- Detecting C compiler ABI info - done
-- Detecting C compile features
-- Detecting C compile features - done
-- Check for working CXX compiler: /usr/bin/c++
-- Check for working CXX compiler: /usr/bin/c++ -- works
-- Detecting CXX compiler ABI info
-- Detecting CXX compiler ABI info - done
-- Detecting CXX compile features
-- Detecting CXX compile features - done
-- Found ament_cmake: 1.1.5 (/opt/ros/galactic/share/ament_cmake/cmake)
-- Found PythonInterp: /usr/bin/python3 (found suitable version "3.8.10", minimum required is "3") 
-- Using PYTHON_EXECUTABLE: /usr/bin/python3
-- Found rclcpp: 9.2.1 (/opt/ros/galactic/share/rclcpp/cmake)
-- Using all available rosidl_typesupport_c: rosidl_typesupport_fastrtps_c;rosidl_typesupport_introspection_c
-- Found rosidl_adapter: 2.2.2 (/opt/ros/galactic/share/rosidl_adapter/cmake)
-- Found OpenSSL: /usr/lib/x86_64-linux-gnu/libcrypto.so (found version "1.1.1f")  
-- Found FastRTPS: /opt/ros/galactic/include  
-- Using all available rosidl_typesupport_cpp: rosidl_typesupport_fastrtps_cpp;rosidl_typesupport_introspection_cpp
-- Found rmw_implementation_cmake: 3.3.1 (/opt/ros/galactic/share/rmw_implementation_cmake/cmake)
-- Found rmw_cyclonedds_cpp: 0.22.5 (/opt/ros/galactic/share/rmw_cyclonedds_cpp/cmake)
-- Using RMW implementation 'rmw_cyclonedds_cpp' as default
-- Looking for pthread.h
-- Looking for pthread.h - found
-- Performing Test CMAKE_HAVE_LIBC_PTHREAD
-- Performing Test CMAKE_HAVE_LIBC_PTHREAD - Failed
-- Looking for pthread_create in pthreads
-- Looking for pthread_create in pthreads - not found
-- Looking for pthread_create in pthread
-- Looking for pthread_create in pthread - found
-- Found Threads: TRUE  
-- Found ackermann_msgs: 2.0.2 (/opt/ros/galactic/share/ackermann_msgs/cmake)
-- Found autoware_control_msgs: 1.0.0 (/home/tasl/autoware.universe-carla-ros-bridge/install/autoware_control_msgs/share/autoware_control_msgs/cmake)
-- Found autoware_auto_control_msgs: 1.0.0 (/home/tasl/autoware.universe-carla-ros-bridge/install/autoware_auto_control_msgs/share/autoware_auto_control_msgs/cmake)
-- Found ament_lint_auto: 0.10.7 (/opt/ros/galactic/share/ament_lint_auto/cmake)
-- Added test 'copyright' to check source files copyright and LICENSE
-- Added test 'cppcheck' to perform static code analysis on C / C++ code
-- Configured cppcheck include dirs: /home/tasl/autoware.universe-carla-ros-bridge/autoware_ros_bridge_carla/include
-- Configured cppcheck exclude dirs and/or files: 
-- Added test 'cpplint' to check C / C++ code against the Google style
-- Configured cpplint exclude dirs and/or files: 
-- Added test 'flake8' to check Python code syntax and style conventions
-- Added test 'lint_cmake' to check CMake code style
-- Added test 'pep257' to check Python code against some of the style conventions in PEP 257
-- Added test 'uncrustify' to check C / C++ code style
-- Configured uncrustify additional arguments: 
-- Added test 'xmllint' to check XML markup files
-- Configuring done
-- Generating done
-- Build files have been written to: /home/tasl/autoware.universe-carla-ros-bridge/build/autoware_ros_bridge_carla
[35m[1mScanning dependencies of target control_command_converter[0m
[35m[1mScanning dependencies of target sender[0m
[35m[1mScanning dependencies of target listener[0m
[35m[1mScanning dependencies of target jsontest[0m
[ 12%] [32mBuilding CXX object CMakeFiles/jsontest.dir/src/simpledom.cpp.o[0m
[ 50%] [32mBuilding CXX object CMakeFiles/sender.dir/src/controlCommandForwarding.cpp.o[0m
[ 50%] [32mBuilding CXX object CMakeFiles/listener.dir/src/testControlCommand.cpp.o[0m
[ 50%] [32mBuilding CXX object CMakeFiles/control_command_converter.dir/src/control_command_converter.cpp.o[0m
[ 62%] [32m[1mLinking CXX executable jsontest[0m
[ 62%] Built target jsontest
[01m[K/home/tasl/autoware.universe-carla-ros-bridge/autoware_ros_bridge_carla/src/control_command_converter.cpp:[m[K In constructor â€˜[01m[KControlCommandConverter::ControlCommandConverter()[m[Kâ€™:
[01m[K/home/tasl/autoware.universe-carla-ros-bridge/autoware_ros_bridge_carla/src/control_command_converter.cpp:21:54:[m[K [01;31m[Kerror: [m[Kâ€˜[01m[KMinimalSubscriber[m[Kâ€™ has not been declared
   21 |       "/control/command/control_cmd", 10, std::bind(&[01;31m[KMinimalSubscriber[m[K::topic_callback, this, _1));
      |                                                      [01;31m[K^~~~~~~~~~~~~~~~~[m[K
[01m[K/home/tasl/autoware.universe-carla-ros-bridge/autoware_ros_bridge_carla/src/control_command_converter.cpp:[m[K In member function â€˜[01m[Kvoid ControlCommandConverter::topic_callback(autoware_auto_control_msgs::msg::AckermannControlCommand_<std::allocator<void> >::ConstSharedPtr)[m[Kâ€™:
[01m[K/home/tasl/autoware.universe-carla-ros-bridge/autoware_ros_bridge_carla/src/control_command_converter.cpp:44:18:[m[K [01;31m[Kerror: [m[Kâ€˜[01m[Kusing SharedPtr = class std::shared_ptr<rclcpp::Publisher<ackermann_msgs::msg::AckermannDrive_<std::allocator<void> > > >[m[Kâ€™ {aka â€˜[01m[Kclass std::shared_ptr<rclcpp::Publisher<ackermann_msgs::msg::AckermannDrive_<std::allocator<void> > > >[m[Kâ€™} has no member named â€˜[01m[Kpublish[m[Kâ€™
   44 |       publisher_.[01;31m[Kpublish[m[K(message);
      |                  [01;31m[K^~~~~~~[m[K
[01m[K/home/tasl/autoware.universe-carla-ros-bridge/autoware_ros_bridge_carla/src/control_command_converter.cpp:[m[K In function â€˜[01m[Kint main(int, char**)[m[Kâ€™:
[01m[K/home/tasl/autoware.universe-carla-ros-bridge/autoware_ros_bridge_carla/src/control_command_converter.cpp:58:16:[m[K [01;31m[Kerror: [m[Kno matching function for call to â€˜[01m[Kspin()[m[Kâ€™
   58 |   rclcpp::spin([01;31m[K)[m[K;
      |                [01;31m[K^[m[K
In file included from [01m[K/opt/ros/galactic/include/rclcpp/rclcpp.hpp:156[m[K,
                 from [01m[K/home/tasl/autoware.universe-carla-ros-bridge/autoware_ros_bridge_carla/src/control_command_converter.cpp:4[m[K:
[01m[K/opt/ros/galactic/include/rclcpp/executors.hpp:45:1:[m[K [01;36m[Knote: [m[Kcandidate: â€˜[01m[Kvoid rclcpp::spin(rclcpp::node_interfaces::NodeBaseInterface::SharedPtr)[m[Kâ€™
   45 | [01;36m[Kspin[m[K(rclcpp::node_interfaces::NodeBaseInterface::SharedPtr node_ptr);
      | [01;36m[K^~~~[m[K
[01m[K/opt/ros/galactic/include/rclcpp/executors.hpp:45:1:[m[K [01;36m[Knote: [m[K  candidate expects 1 argument, 0 provided
[01m[K/opt/ros/galactic/include/rclcpp/executors.hpp:49:1:[m[K [01;36m[Knote: [m[Kcandidate: â€˜[01m[Kvoid rclcpp::spin(rclcpp::Node::SharedPtr)[m[Kâ€™
   49 | [01;36m[Kspin[m[K(rclcpp::Node::SharedPtr node_ptr);
      | [01;36m[K^~~~[m[K
[01m[K/opt/ros/galactic/include/rclcpp/executors.hpp:49:1:[m[K [01;36m[Knote: [m[K  candidate expects 1 argument, 0 provided
make[2]: *** [CMakeFiles/control_command_converter.dir/build.make:63: CMakeFiles/control_command_converter.dir/src/control_command_converter.cpp.o] Error 1
make[1]: *** [CMakeFiles/Makefile2:84: CMakeFiles/control_command_converter.dir/all] Error 2
make[1]: *** Waiting for unfinished jobs....
[ 75%] [32m[1mLinking CXX executable sender[0m
[ 75%] Built target sender
[ 87%] [32m[1mLinking CXX executable listener[0m
[ 87%] Built target listener
make: *** [Makefile:141: all] Error 2
