[0.014s] Invoking command in '/home/tasl/autoware.auto-ros-bridge/build/autoware_ros_bridge_carla': CMAKE_PREFIX_PATH=${CMAKE_PREFIX_PATH}:/opt/ros/galactic /usr/bin/cmake --build /home/tasl/autoware.auto-ros-bridge/build/autoware_ros_bridge_carla -- -j16 -l16
[0.041s] [35m[1mScanning dependencies of target listener[0m
[0.065s] [ 50%] [32mBuilding CXX object CMakeFiles/listener.dir/src/testControlCommand.cpp.o[0m
[1.215s] [01m[K/home/tasl/autoware.auto-ros-bridge/autoware_ros_bridge_carla/src/testControlCommand.cpp:19:31:[m[K [01;31m[Kerror: [m[Kâ€˜[01m[KAckermannControlCommand[m[Kâ€™ does not name a type
[1.215s]    19 |     void topic_callback(const [01;31m[KAckermannControlCommand[m[K & msg) const
[1.215s]       |                               [01;31m[K^~~~~~~~~~~~~~~~~~~~~~~[m[K
[1.215s] [01m[K/home/tasl/autoware.auto-ros-bridge/autoware_ros_bridge_carla/src/testControlCommand.cpp:23:26:[m[K [01;31m[Kerror: [m[Kâ€˜[01m[KAckermannControlCommand[m[Kâ€™ was not declared in this scope; did you mean â€˜[01m[Kautoware_auto_control_msgs::msg::AckermannControlCommand[m[Kâ€™?
[1.215s]    23 |     rclcpp::Subscription<[01;31m[KAckermannControlCommand[m[K>::SharedPtr subscription_;
[1.215s]       |                          [01;31m[K^~~~~~~~~~~~~~~~~~~~~~~[m[K
[1.215s]       |                          [32m[Kautoware_auto_control_msgs::msg::AckermannControlCommand[m[K
[1.215s] In file included from [01m[K/home/tasl/autoware.auto-ros-bridge/autoware_ros_bridge_carla/include/autoware_auto_control_msgs/msg/ackermann_control_command.hpp:7[m[K,
[1.216s]                  from [01m[K/home/tasl/autoware.auto-ros-bridge/autoware_ros_bridge_carla/src/testControlCommand.cpp:5[m[K:
[1.216s] [01m[K/home/tasl/autoware.auto-ros-bridge/autoware_ros_bridge_carla/include/autoware_auto_control_msgs/msg/detail/ackermann_control_command__struct.hpp:150:7:[m[K [01;36m[Knote: [m[Kâ€˜[01m[Kautoware_auto_control_msgs::msg::AckermannControlCommand[m[Kâ€™ declared here
[1.216s]   150 | using [01;36m[KAckermannControlCommand[m[K =
[1.216s]       |       [01;36m[K^~~~~~~~~~~~~~~~~~~~~~~[m[K
[1.216s] [01m[K/home/tasl/autoware.auto-ros-bridge/autoware_ros_bridge_carla/src/testControlCommand.cpp:23:49:[m[K [01;31m[Kerror: [m[Ktemplate argument 1 is invalid
[1.216s]    23 |     rclcpp::Subscription<AckermannControlCommand[01;31m[K>[m[K::SharedPtr subscription_;
[1.216s]       |                                                 [01;31m[K^[m[K
[1.216s] [01m[K/home/tasl/autoware.auto-ros-bridge/autoware_ros_bridge_carla/src/testControlCommand.cpp:23:49:[m[K [01;31m[Kerror: [m[Ktemplate argument 3 is invalid
[1.216s] [01m[K/home/tasl/autoware.auto-ros-bridge/autoware_ros_bridge_carla/src/testControlCommand.cpp:23:52:[m[K [01;31m[Kerror: [m[Kexpected â€˜[01m[K;[m[Kâ€™ at end of member declaration
[1.216s]    23 |     rclcpp::Subscription<AckermannControlCommand>::[01;31m[KSharedPtr[m[K subscription_;
[1.216s]       |                                                    [01;31m[K^~~~~~~~~[m[K
[1.216s]       |                                                             [32m[K;[m[K
[1.216s] [01m[K/home/tasl/autoware.auto-ros-bridge/autoware_ros_bridge_carla/src/testControlCommand.cpp:23:62:[m[K [01;31m[Kerror: [m[Kâ€˜[01m[Ksubscription_[m[Kâ€™ does not name a type; did you mean â€˜[01m[Krcl_subscription_t[m[Kâ€™?
[1.217s]    23 |     rclcpp::Subscription<AckermannControlCommand>::SharedPtr [01;31m[Ksubscription_[m[K;
[1.217s]       |                                                              [01;31m[K^~~~~~~~~~~~~[m[K
[1.217s]       |                                                              [32m[Krcl_subscription_t[m[K
[1.219s] [01m[K/home/tasl/autoware.auto-ros-bridge/autoware_ros_bridge_carla/src/testControlCommand.cpp:[m[K In constructor â€˜[01m[KMinimalSubscriber::MinimalSubscriber()[m[Kâ€™:
[1.219s] [01m[K/home/tasl/autoware.auto-ros-bridge/autoware_ros_bridge_carla/src/testControlCommand.cpp:14:7:[m[K [01;31m[Kerror: [m[Kâ€˜[01m[Ksubscription_[m[Kâ€™ was not declared in this scope; did you mean â€˜[01m[Krcl_subscription_t[m[Kâ€™?
[1.219s]    14 |       [01;31m[Ksubscription_[m[K = this->create_subscription<AckermannControlCommand>(
[1.219s]       |       [01;31m[K^~~~~~~~~~~~~[m[K
[1.219s]       |       [32m[Krcl_subscription_t[m[K
[1.219s] [01m[K/home/tasl/autoware.auto-ros-bridge/autoware_ros_bridge_carla/src/testControlCommand.cpp:14:49:[m[K [01;31m[Kerror: [m[Kâ€˜[01m[KAckermannControlCommand[m[Kâ€™ was not declared in this scope; did you mean â€˜[01m[Kautoware_auto_control_msgs::msg::AckermannControlCommand[m[Kâ€™?
[1.219s]    14 |       subscription_ = this->create_subscription<[01;31m[KAckermannControlCommand[m[K>(
[1.219s]       |                                                 [01;31m[K^~~~~~~~~~~~~~~~~~~~~~~[m[K
[1.219s]       |                                                 [32m[Kautoware_auto_control_msgs::msg::AckermannControlCommand[m[K
[1.220s] In file included from [01m[K/home/tasl/autoware.auto-ros-bridge/autoware_ros_bridge_carla/include/autoware_auto_control_msgs/msg/ackermann_control_command.hpp:7[m[K,
[1.220s]                  from [01m[K/home/tasl/autoware.auto-ros-bridge/autoware_ros_bridge_carla/src/testControlCommand.cpp:5[m[K:
[1.220s] [01m[K/home/tasl/autoware.auto-ros-bridge/autoware_ros_bridge_carla/include/autoware_auto_control_msgs/msg/detail/ackermann_control_command__struct.hpp:150:7:[m[K [01;36m[Knote: [m[Kâ€˜[01m[Kautoware_auto_control_msgs::msg::AckermannControlCommand[m[Kâ€™ declared here
[1.220s]   150 | using [01;36m[KAckermannControlCommand[m[K =
[1.220s]       |       [01;36m[K^~~~~~~~~~~~~~~~~~~~~~~[m[K
[1.224s] [01m[K/home/tasl/autoware.auto-ros-bridge/autoware_ros_bridge_carla/src/testControlCommand.cpp:15:77:[m[K [01;31m[Kerror: [m[Kno matching function for call to â€˜[01m[KMinimalSubscriber::create_subscription<<expression error> >(const char [8], int, std::_Bind_helper<false, void (MinimalSubscriber::*)(const int&) const, MinimalSubscriber*, const std::_Placeholder<1>&>::type)[m[Kâ€™
[1.224s]    15 |       "chatter", 10, std::bind(&MinimalSubscriber::topic_callback, this, _1)[01;31m[K)[m[K;
[1.224s]       |                                                                             [01;31m[K^[m[K
[1.224s] In file included from [01m[K/opt/ros/galactic/include/rclcpp/executors/single_threaded_executor.hpp:28[m[K,
[1.224s]                  from [01m[K/opt/ros/galactic/include/rclcpp/executors.hpp:22[m[K,
[1.224s]                  from [01m[K/opt/ros/galactic/include/rclcpp/rclcpp.hpp:156[m[K,
[1.224s]                  from [01m[K/home/tasl/autoware.auto-ros-bridge/autoware_ros_bridge_carla/src/testControlCommand.cpp:3[m[K:
[1.225s] [01m[K/opt/ros/galactic/include/rclcpp/node.hpp:229:3:[m[K [01;36m[Knote: [m[Kcandidate: â€˜[01m[Ktemplate<class MessageT, class CallbackT, class AllocatorT, class CallbackMessageT, class SubscriptionT, class MessageMemoryStrategyT> std::shared_ptr<SubscriptionT> rclcpp::Node::create_subscription(const string&, const rclcpp::QoS&, CallbackT&&, const rclcpp::SubscriptionOptionsWithAllocator<AllocatorT>&, typename MessageMemoryStrategyT::SharedPtr)[m[Kâ€™
[1.225s]   229 |   [01;36m[Kcreate_subscription[m[K(
[1.225s]       |   [01;36m[K^~~~~~~~~~~~~~~~~~~[m[K
[1.225s] [01m[K/opt/ros/galactic/include/rclcpp/node.hpp:229:3:[m[K [01;36m[Knote: [m[K  template argument deduction/substitution failed:
[1.225s] [01m[K/home/tasl/autoware.auto-ros-bridge/autoware_ros_bridge_carla/src/testControlCommand.cpp:15:77:[m[K [01;31m[Kerror: [m[Ktemplate argument 1 is invalid
[1.225s]    15 |       "chatter", 10, std::bind(&MinimalSubscriber::topic_callback, this, _1)[01;31m[K)[m[K;
[1.225s]       |                                                                             [01;31m[K^[m[K
[1.225s] In file included from [01m[K/opt/ros/galactic/include/rclcpp/client.hpp:40[m[K,
[1.225s]                  from [01m[K/opt/ros/galactic/include/rclcpp/callback_group.hpp:23[m[K,
[1.225s]                  from [01m[K/opt/ros/galactic/include/rclcpp/any_executable.hpp:20[m[K,
[1.225s]                  from [01m[K/opt/ros/galactic/include/rclcpp/memory_strategy.hpp:25[m[K,
[1.225s]                  from [01m[K/opt/ros/galactic/include/rclcpp/memory_strategies.hpp:18[m[K,
[1.225s]                  from [01m[K/opt/ros/galactic/include/rclcpp/executor_options.hpp:20[m[K,
[1.225s]                  from [01m[K/opt/ros/galactic/include/rclcpp/executor.hpp:36[m[K,
[1.225s]                  from [01m[K/opt/ros/galactic/include/rclcpp/executors/multi_threaded_executor.hpp:26[m[K,
[1.225s]                  from [01m[K/opt/ros/galactic/include/rclcpp/executors.hpp:21[m[K,
[1.225s]                  from [01m[K/opt/ros/galactic/include/rclcpp/rclcpp.hpp:156[m[K,
[1.225s]                  from [01m[K/home/tasl/autoware.auto-ros-bridge/autoware_ros_bridge_carla/src/testControlCommand.cpp:3[m[K:
[1.226s] [01m[K/home/tasl/autoware.auto-ros-bridge/autoware_ros_bridge_carla/src/testControlCommand.cpp:[m[K In member function â€˜[01m[Kvoid MinimalSubscriber::topic_callback(const int&) const[m[Kâ€™:
[1.226s] [01m[K/home/tasl/autoware.auto-ros-bridge/autoware_ros_bridge_carla/src/testControlCommand.cpp:21:60:[m[K [01;31m[Kerror: [m[Krequest for member â€˜[01m[Kdata[m[Kâ€™ in â€˜[01m[Kmsg[m[Kâ€™, which is of non-class type â€˜[01m[Kconst int[m[Kâ€™
[1.226s]    21 |       RCLCPP_INFO(this->get_logger(), "I heard: '%s'", msg.[01;31m[Kdata[m[K.c_str());
[1.226s]       |                                                            [01;31m[K^~~~[m[K
[1.649s] make[2]: *** [CMakeFiles/listener.dir/build.make:63: CMakeFiles/listener.dir/src/testControlCommand.cpp.o] Error 1
[1.649s] make[1]: *** [CMakeFiles/Makefile2:78: CMakeFiles/listener.dir/all] Error 2
[1.649s] make: *** [Makefile:141: all] Error 2
[1.651s] Invoked command in '/home/tasl/autoware.auto-ros-bridge/build/autoware_ros_bridge_carla' returned '2': CMAKE_PREFIX_PATH=${CMAKE_PREFIX_PATH}:/opt/ros/galactic /usr/bin/cmake --build /home/tasl/autoware.auto-ros-bridge/build/autoware_ros_bridge_carla -- -j16 -l16
