[35m[1mScanning dependencies of target steering_reporter[0m
[ 14%] Built target jsontest
[ 71%] Built target sender
[ 71%] Built target listener
[ 71%] Built target control_command_converter
[ 71%] Built target velocity_reporter
[ 85%] Built target odometry_remapper
[ 92%] [32mBuilding CXX object CMakeFiles/steering_reporter.dir/src/steering_reporter.cpp.o[0m
[01m[K/home/tasl/autoware.universe-carla-ros-bridge/autoware_ros_bridge_carla/src/steering_reporter.cpp:[m[K In member function â€˜[01m[Kvoid SteeringReporter::vehicle_status_callback(carla_msgs::msg::CarlaEgoVehicleStatus_<std::allocator<void> >::ConstSharedPtr)[m[Kâ€™:
[01m[K/home/tasl/autoware.universe-carla-ros-bridge/autoware_ros_bridge_carla/src/steering_reporter.cpp:44:58:[m[K [01;31m[Kerror: [m[Kinitializer fails to determine size of â€˜[01m[Karr[m[Kâ€™
   44 |             CarlaEgoVehicleInfoWheel arr[] = [01;31m[KvehicleInfo.wheels[m[K;
      |                                              [01;31m[K~~~~~~~~~~~~^~~~~~[m[K
[01m[K/home/tasl/autoware.universe-carla-ros-bridge/autoware_ros_bridge_carla/src/steering_reporter.cpp:44:58:[m[K [01;31m[Kerror: [m[Karray must be initialized with a brace-enclosed initializer
make[2]: *** [CMakeFiles/steering_reporter.dir/build.make:63: CMakeFiles/steering_reporter.dir/src/steering_reporter.cpp.o] Error 1
make[1]: *** [CMakeFiles/Makefile2:252: CMakeFiles/steering_reporter.dir/all] Error 2
make: *** [Makefile:141: all] Error 2
