[0.012s] Invoking command in '/home/tasl/autoware.universe-carla-ros-bridge/build/autoware_ros_bridge_carla': CMAKE_PREFIX_PATH=/opt/ros/galactic:/home/tasl/autoware.universe-carla-ros-bridge/install/carla_msgs:/home/tasl/autoware.universe-carla-ros-bridge/install/autoware_auto_vehicle_msgs:/home/tasl/autoware.universe-carla-ros-bridge/install/autoware_auto_control_msgs:/home/tasl/autoware.universe-carla-ros-bridge/install/autoware_ros_bridge_carla /usr/bin/cmake --build /home/tasl/autoware.universe-carla-ros-bridge/build/autoware_ros_bridge_carla -- -j16 -l16
[0.042s] [35m[1mScanning dependencies of target steering_reporter[0m
[0.048s] [ 14%] Built target jsontest
[0.052s] [ 71%] Built target sender
[0.053s] [ 71%] Built target listener
[0.053s] [ 71%] Built target control_command_converter
[0.053s] [ 71%] Built target velocity_reporter
[0.053s] [ 85%] Built target odometry_remapper
[0.064s] [ 92%] [32mBuilding CXX object CMakeFiles/steering_reporter.dir/src/steering_reporter.cpp.o[0m
[1.422s] [01m[K/home/tasl/autoware.universe-carla-ros-bridge/autoware_ros_bridge_carla/src/steering_reporter.cpp:[m[K In member function â€˜[01m[Kvoid SteeringReporter::vehicle_status_callback(carla_msgs::msg::CarlaEgoVehicleStatus_<std::allocator<void> >::ConstSharedPtr)[m[Kâ€™:
[1.423s] [01m[K/home/tasl/autoware.universe-carla-ros-bridge/autoware_ros_bridge_carla/src/steering_reporter.cpp:44:58:[m[K [01;31m[Kerror: [m[Kinitializer fails to determine size of â€˜[01m[Karr[m[Kâ€™
[1.423s]    44 |             CarlaEgoVehicleInfoWheel arr[] = [01;31m[KvehicleInfo.wheels[m[K;
[1.423s]       |                                              [01;31m[K~~~~~~~~~~~~^~~~~~[m[K
[1.423s] [01m[K/home/tasl/autoware.universe-carla-ros-bridge/autoware_ros_bridge_carla/src/steering_reporter.cpp:44:58:[m[K [01;31m[Kerror: [m[Karray must be initialized with a brace-enclosed initializer
[3.263s] make[2]: *** [CMakeFiles/steering_reporter.dir/build.make:63: CMakeFiles/steering_reporter.dir/src/steering_reporter.cpp.o] Error 1
[3.263s] make[1]: *** [CMakeFiles/Makefile2:252: CMakeFiles/steering_reporter.dir/all] Error 2
[3.263s] make: *** [Makefile:141: all] Error 2
[3.264s] Invoked command in '/home/tasl/autoware.universe-carla-ros-bridge/build/autoware_ros_bridge_carla' returned '2': CMAKE_PREFIX_PATH=/opt/ros/galactic:/home/tasl/autoware.universe-carla-ros-bridge/install/carla_msgs:/home/tasl/autoware.universe-carla-ros-bridge/install/autoware_auto_vehicle_msgs:/home/tasl/autoware.universe-carla-ros-bridge/install/autoware_auto_control_msgs:/home/tasl/autoware.universe-carla-ros-bridge/install/autoware_ros_bridge_carla /usr/bin/cmake --build /home/tasl/autoware.universe-carla-ros-bridge/build/autoware_ros_bridge_carla -- -j16 -l16
