[0.008s] Invoking command in '/home/tasl/autoware.auto-ros-bridge/build/autoware_ros_bridge_carla': AMENT_PREFIX_PATH=/home/tasl/autoware.auto-ros-bridge/install/autoware_control_msgs:${AMENT_PREFIX_PATH} CMAKE_PREFIX_PATH=/home/tasl/autoware.auto-ros-bridge/install/autoware_control_msgs:/home/tasl/autoware.auto-ros-bridge/install/autoware_ros_bridge_carla:/opt/ros/galactic LD_LIBRARY_PATH=/home/tasl/autoware.auto-ros-bridge/install/autoware_control_msgs/lib:${LD_LIBRARY_PATH} PYTHONPATH=/home/tasl/autoware.auto-ros-bridge/install/autoware_control_msgs/lib/python3.8/site-packages:${PYTHONPATH} /usr/bin/cmake --build /home/tasl/autoware.auto-ros-bridge/build/autoware_ros_bridge_carla -- -j16 -l16
[0.034s] [35m[1mScanning dependencies of target listener[0m
[0.062s] [ 50%] [32mBuilding CXX object CMakeFiles/listener.dir/src/testControlCommand.cpp.o[0m
[1.165s] [01m[K/home/tasl/autoware.auto-ros-bridge/autoware_ros_bridge_carla/src/testControlCommand.cpp:23:25:[m[K [01;31m[Kerror: [m[Kâ€˜[01m[Kcontrol[m[Kâ€™ has not been declared
[1.166s]    23 |     void topic_callback([01;31m[Kcontrol[m[K::ConstSharedPtr msg)
[1.166s]       |                         [01;31m[K^~~~~~~[m[K
[1.167s] [01m[K/home/tasl/autoware.auto-ros-bridge/autoware_ros_bridge_carla/src/testControlCommand.cpp:27:26:[m[K [01;31m[Kerror: [m[Kâ€˜[01m[Kcontrol[m[Kâ€™ was not declared in this scope
[1.167s]    27 |     rclcpp::Subscription<[01;31m[Kcontrol[m[K>::SharedPtr subscription_;
[1.167s]       |                          [01;31m[K^~~~~~~[m[K
[1.167s] [01m[K/home/tasl/autoware.auto-ros-bridge/autoware_ros_bridge_carla/src/testControlCommand.cpp:27:33:[m[K [01;31m[Kerror: [m[Ktemplate argument 1 is invalid
[1.167s]    27 |     rclcpp::Subscription<control[01;31m[K>[m[K::SharedPtr subscription_;
[1.167s]       |                                 [01;31m[K^[m[K
[1.167s] [01m[K/home/tasl/autoware.auto-ros-bridge/autoware_ros_bridge_carla/src/testControlCommand.cpp:27:33:[m[K [01;31m[Kerror: [m[Ktemplate argument 3 is invalid
[1.167s] [01m[K/home/tasl/autoware.auto-ros-bridge/autoware_ros_bridge_carla/src/testControlCommand.cpp:27:36:[m[K [01;31m[Kerror: [m[Kexpected â€˜[01m[K;[m[Kâ€™ at end of member declaration
[1.167s]    27 |     rclcpp::Subscription<control>::[01;31m[KSharedPtr[m[K subscription_;
[1.167s]       |                                    [01;31m[K^~~~~~~~~[m[K
[1.167s]       |                                             [32m[K;[m[K
[1.168s] [01m[K/home/tasl/autoware.auto-ros-bridge/autoware_ros_bridge_carla/src/testControlCommand.cpp:27:46:[m[K [01;31m[Kerror: [m[Kâ€˜[01m[Ksubscription_[m[Kâ€™ does not name a type; did you mean â€˜[01m[Krcl_subscription_t[m[Kâ€™?
[1.168s]    27 |     rclcpp::Subscription<control>::SharedPtr [01;31m[Ksubscription_[m[K;
[1.168s]       |                                              [01;31m[K^~~~~~~~~~~~~[m[K
[1.168s]       |                                              [32m[Krcl_subscription_t[m[K
[1.170s] [01m[K/home/tasl/autoware.auto-ros-bridge/autoware_ros_bridge_carla/src/testControlCommand.cpp:[m[K In constructor â€˜[01m[KMinimalSubscriber::MinimalSubscriber()[m[Kâ€™:
[1.170s] [01m[K/home/tasl/autoware.auto-ros-bridge/autoware_ros_bridge_carla/src/testControlCommand.cpp:17:7:[m[K [01;31m[Kerror: [m[Kâ€˜[01m[Ksubscription_[m[Kâ€™ was not declared in this scope; did you mean â€˜[01m[Krcl_subscription_t[m[Kâ€™?
[1.170s]    17 |       [01;31m[Ksubscription_[m[K = this->create_subscription<control>(
[1.170s]       |       [01;31m[K^~~~~~~~~~~~~[m[K
[1.170s]       |       [32m[Krcl_subscription_t[m[K
[1.171s] [01m[K/home/tasl/autoware.auto-ros-bridge/autoware_ros_bridge_carla/src/testControlCommand.cpp:17:49:[m[K [01;31m[Kerror: [m[Kâ€˜[01m[Kcontrol[m[Kâ€™ was not declared in this scope
[1.171s]    17 |       subscription_ = this->create_subscription<[01;31m[Kcontrol[m[K>(
[1.171s]       |                                                 [01;31m[K^~~~~~~[m[K
[1.176s] [01m[K/home/tasl/autoware.auto-ros-bridge/autoware_ros_bridge_carla/src/testControlCommand.cpp:18:77:[m[K [01;31m[Kerror: [m[Kno matching function for call to â€˜[01m[KMinimalSubscriber::create_subscription<<expression error> >(const char [8], int, std::_Bind_helper<false, void (MinimalSubscriber::*)(int), MinimalSubscriber*, const std::_Placeholder<1>&>::type)[m[Kâ€™
[1.176s]    18 |       "chatter", 10, std::bind(&MinimalSubscriber::topic_callback, this, _1)[01;31m[K)[m[K;
[1.176s]       |                                                                             [01;31m[K^[m[K
[1.176s] In file included from [01m[K/opt/ros/galactic/include/rclcpp/executors/single_threaded_executor.hpp:28[m[K,
[1.176s]                  from [01m[K/opt/ros/galactic/include/rclcpp/executors.hpp:22[m[K,
[1.177s]                  from [01m[K/opt/ros/galactic/include/rclcpp/rclcpp.hpp:156[m[K,
[1.177s]                  from [01m[K/home/tasl/autoware.auto-ros-bridge/autoware_ros_bridge_carla/src/testControlCommand.cpp:3[m[K:
[1.177s] [01m[K/opt/ros/galactic/include/rclcpp/node.hpp:229:3:[m[K [01;36m[Knote: [m[Kcandidate: â€˜[01m[Ktemplate<class MessageT, class CallbackT, class AllocatorT, class CallbackMessageT, class SubscriptionT, class MessageMemoryStrategyT> std::shared_ptr<SubscriptionT> rclcpp::Node::create_subscription(const string&, const rclcpp::QoS&, CallbackT&&, const rclcpp::SubscriptionOptionsWithAllocator<AllocatorT>&, typename MessageMemoryStrategyT::SharedPtr)[m[Kâ€™
[1.177s]   229 |   [01;36m[Kcreate_subscription[m[K(
[1.177s]       |   [01;36m[K^~~~~~~~~~~~~~~~~~~[m[K
[1.177s] [01m[K/opt/ros/galactic/include/rclcpp/node.hpp:229:3:[m[K [01;36m[Knote: [m[K  template argument deduction/substitution failed:
[1.177s] [01m[K/home/tasl/autoware.auto-ros-bridge/autoware_ros_bridge_carla/src/testControlCommand.cpp:18:77:[m[K [01;31m[Kerror: [m[Ktemplate argument 1 is invalid
[1.177s]    18 |       "chatter", 10, std::bind(&MinimalSubscriber::topic_callback, this, _1)[01;31m[K)[m[K;
[1.177s]       |                                                                             [01;31m[K^[m[K
[1.177s] In file included from [01m[K/opt/ros/galactic/include/rclcpp/client.hpp:40[m[K,
[1.177s]                  from [01m[K/opt/ros/galactic/include/rclcpp/callback_group.hpp:23[m[K,
[1.177s]                  from [01m[K/opt/ros/galactic/include/rclcpp/any_executable.hpp:20[m[K,
[1.178s]                  from [01m[K/opt/ros/galactic/include/rclcpp/memory_strategy.hpp:25[m[K,
[1.178s]                  from [01m[K/opt/ros/galactic/include/rclcpp/memory_strategies.hpp:18[m[K,
[1.178s]                  from [01m[K/opt/ros/galactic/include/rclcpp/executor_options.hpp:20[m[K,
[1.178s]                  from [01m[K/opt/ros/galactic/include/rclcpp/executor.hpp:36[m[K,
[1.178s]                  from [01m[K/opt/ros/galactic/include/rclcpp/executors/multi_threaded_executor.hpp:26[m[K,
[1.178s]                  from [01m[K/opt/ros/galactic/include/rclcpp/executors.hpp:21[m[K,
[1.178s]                  from [01m[K/opt/ros/galactic/include/rclcpp/rclcpp.hpp:156[m[K,
[1.178s]                  from [01m[K/home/tasl/autoware.auto-ros-bridge/autoware_ros_bridge_carla/src/testControlCommand.cpp:3[m[K:
[1.178s] [01m[K/home/tasl/autoware.auto-ros-bridge/autoware_ros_bridge_carla/src/testControlCommand.cpp:[m[K In member function â€˜[01m[Kvoid MinimalSubscriber::topic_callback(int)[m[Kâ€™:
[1.178s] [01m[K/home/tasl/autoware.auto-ros-bridge/autoware_ros_bridge_carla/src/testControlCommand.cpp:25:61:[m[K [01;31m[Kerror: [m[Krequest for member â€˜[01m[Klateral[m[Kâ€™ in â€˜[01m[Kmsg[m[Kâ€™, which is of non-class type â€˜[01m[Kint[m[Kâ€™
[1.178s]    25 |       RCLCPP_INFO(this->get_logger(), "I heard: '%f'", *msg.[01;31m[Klateral[m[K.steering_tire_angle);
[1.178s]       |                                                             [01;31m[K^~~~~~~[m[K
[1.587s] make[2]: *** [CMakeFiles/listener.dir/build.make:63: CMakeFiles/listener.dir/src/testControlCommand.cpp.o] Error 1
[1.587s] make[1]: *** [CMakeFiles/Makefile2:78: CMakeFiles/listener.dir/all] Error 2
[1.588s] make: *** [Makefile:141: all] Error 2
[1.589s] Invoked command in '/home/tasl/autoware.auto-ros-bridge/build/autoware_ros_bridge_carla' returned '2': AMENT_PREFIX_PATH=/home/tasl/autoware.auto-ros-bridge/install/autoware_control_msgs:${AMENT_PREFIX_PATH} CMAKE_PREFIX_PATH=/home/tasl/autoware.auto-ros-bridge/install/autoware_control_msgs:/home/tasl/autoware.auto-ros-bridge/install/autoware_ros_bridge_carla:/opt/ros/galactic LD_LIBRARY_PATH=/home/tasl/autoware.auto-ros-bridge/install/autoware_control_msgs/lib:${LD_LIBRARY_PATH} PYTHONPATH=/home/tasl/autoware.auto-ros-bridge/install/autoware_control_msgs/lib/python3.8/site-packages:${PYTHONPATH} /usr/bin/cmake --build /home/tasl/autoware.auto-ros-bridge/build/autoware_ros_bridge_carla -- -j16 -l16
