[01m[K/home/tasl/autoware.auto-ros-bridge/autoware_ros_bridge_carla/src/controlCommandForwarding.cpp:[m[K In function â€˜[01m[Kint main(int, char**)[m[Kâ€™:
[01m[K/home/tasl/autoware.auto-ros-bridge/autoware_ros_bridge_carla/src/controlCommandForwarding.cpp:85:7:[m[K [01;35m[Kwarning: [m[Kunused variable â€˜[01m[Ksend_num[m[Kâ€™ [[01;35m[K-Wunused-variable[m[K]
   85 |   int [01;35m[Ksend_num[m[K;
      |       [01;35m[K^~~~~~~~[m[K
[01m[K/home/tasl/autoware.auto-ros-bridge/autoware_ros_bridge_carla/src/controlCommandForwarding.cpp:86:8:[m[K [01;35m[Kwarning: [m[Kunused variable â€˜[01m[Ksend_buf[m[Kâ€™ [[01;35m[K-Wunused-variable[m[K]
   86 |   char [01;35m[Ksend_buf[m[K[20] = "i am server!";
      |        [01;35m[K^~~~~~~~[m[K
/usr/bin/ld: CMakeFiles/sender.dir/src/controlCommandForwarding.cpp.o: in function `rclcpp::Publisher<ackermann_msgs::msg::AckermannDrive_<std::allocator<void> >, std::allocator<void> >::Publisher(rclcpp::node_interfaces::NodeBaseInterface*, std::__cxx11::basic_string<char, std::char_traits<char>, std::allocator<char> > const&, rclcpp::QoS const&, rclcpp::PublisherOptionsWithAllocator<std::allocator<void> > const&)':
controlCommandForwarding.cpp:(.text._ZN6rclcpp9PublisherIN14ackermann_msgs3msg15AckermannDrive_ISaIvEEES4_EC2EPNS_15node_interfaces17NodeBaseInterfaceERKNSt7__cxx1112basic_stringIcSt11char_traitsIcESaIcEEERKNS_3QoSERKNS_29PublisherOptionsWithAllocatorIS4_EE[_ZN6rclcpp9PublisherIN14ackermann_msgs3msg15AckermannDrive_ISaIvEEES4_EC5EPNS_15node_interfaces17NodeBaseInterfaceERKNSt7__cxx1112basic_stringIcSt11char_traitsIcESaIcEEERKNS_3QoSERKNS_29PublisherOptionsWithAllocatorIS4_EE]+0x6e): undefined reference to `rosidl_message_type_support_t const* rosidl_typesupport_cpp::get_message_type_support_handle<ackermann_msgs::msg::AckermannDrive_<std::allocator<void> > >()'
collect2: error: ld returned 1 exit status
make[2]: *** [CMakeFiles/sender.dir/build.make:141: sender] Error 1
make[1]: *** [CMakeFiles/Makefile2:82: CMakeFiles/sender.dir/all] Error 2
make: *** [Makefile:141: all] Error 2
