[35m[1mScanning dependencies of target sensor_converter[0m
[ 11%] Built target jsontest
[ 44%] Built target sender
[ 44%] Built target velocity_reporter
[ 44%] Built target control_command_converter
[ 61%] Built target listener
[ 66%] Built target gnss_converter
[ 77%] Built target steering_reporter
[ 88%] Built target odometry_remapper
[ 94%] [32mBuilding CXX object CMakeFiles/sensor_converter.dir/src/sensor_message_converter.cpp.o[0m
[01m[K/home/tasl/autoware.universe-carla-ros-bridge/autoware_ros_bridge_carla/src/sensor_message_converter.cpp:90:13:[m[K [01;31m[Kerror: [m[Kâ€˜[01m[KPubliser[m[Kâ€™ in namespace â€˜[01m[Krclcpp[m[Kâ€™ does not name a template type; did you mean â€˜[01m[KPublisher[m[Kâ€™?
   90 |     rclcpp::[01;31m[KPubliser[m[K<PointCloud2>::SharedPtr publisher_lidar;
      |             [01;31m[K^~~~~~~~[m[K
      |             [32m[KPublisher[m[K
[01m[K/home/tasl/autoware.universe-carla-ros-bridge/autoware_ros_bridge_carla/src/sensor_message_converter.cpp:[m[K In constructor â€˜[01m[KSensorMessageConverter::SensorMessageConverter()[m[Kâ€™:
[01m[K/home/tasl/autoware.universe-carla-ros-bridge/autoware_ros_bridge_carla/src/sensor_message_converter.cpp:25:7:[m[K [01;31m[Kerror: [m[Kâ€˜[01m[Ksubscription_lidar[m[Kâ€™ was not declared in this scope; did you mean â€˜[01m[Ksubscription_[m[Kâ€™?
   25 |       [01;31m[Ksubscription_lidar[m[K = this->create_subscription<PointCloud2>(
      |       [01;31m[K^~~~~~~~~~~~~~~~~~[m[K
      |       [32m[Ksubscription_[m[K
[01m[K/home/tasl/autoware.universe-carla-ros-bridge/autoware_ros_bridge_carla/src/sensor_message_converter.cpp:28:7:[m[K [01;31m[Kerror: [m[Kâ€˜[01m[Ksubscription_imu[m[Kâ€™ was not declared in this scope; did you mean â€˜[01m[Ksubscription_[m[Kâ€™?
   28 |       [01;31m[Ksubscription_imu[m[K = this->create_subscription<Imu>(
      |       [01;31m[K^~~~~~~~~~~~~~~~[m[K
      |       [32m[Ksubscription_[m[K
[01m[K/home/tasl/autoware.universe-carla-ros-bridge/autoware_ros_bridge_carla/src/sensor_message_converter.cpp:33:7:[m[K [01;31m[Kerror: [m[Kâ€˜[01m[Kpublisher_lidar[m[Kâ€™ was not declared in this scope; did you mean â€˜[01m[Kpublisher_[m[Kâ€™?
   33 |       [01;31m[Kpublisher_lidar[m[K = this->create_publisher<PointCloud2>("/sensing/lidar/top/pointcloud_raw", 10);
      |       [01;31m[K^~~~~~~~~~~~~~~[m[K
      |       [32m[Kpublisher_[m[K
[01m[K/home/tasl/autoware.universe-carla-ros-bridge/autoware_ros_bridge_carla/src/sensor_message_converter.cpp:34:7:[m[K [01;31m[Kerror: [m[Kâ€˜[01m[Kpublisher_imu[m[Kâ€™ was not declared in this scope; did you mean â€˜[01m[Kpublisher_[m[Kâ€™?
   34 |       [01;31m[Kpublisher_imu[m[K = this->create_publisher<Imu>("/sensing/imu/tamagawa/imu_raw", 10);
      |       [01;31m[K^~~~~~~~~~~~~[m[K
      |       [32m[Kpublisher_[m[K
[01m[K/home/tasl/autoware.universe-carla-ros-bridge/autoware_ros_bridge_carla/src/sensor_message_converter.cpp:[m[K In member function â€˜[01m[Kvoid SensorMessageConverter::lidar_callback(sensor_msgs::msg::PointCloud2_<std::allocator<void> >::ConstSharedPtr)[m[Kâ€™:
[01m[K/home/tasl/autoware.universe-carla-ros-bridge/autoware_ros_bridge_carla/src/sensor_message_converter.cpp:77:9:[m[K [01;31m[Kerror: [m[Kâ€˜[01m[Kpublisher_lidar[m[Kâ€™ was not declared in this scope; did you mean â€˜[01m[Kpublisher_[m[Kâ€™?
   77 |         [01;31m[Kpublisher_lidar[m[K->publish(message);
      |         [01;31m[K^~~~~~~~~~~~~~~[m[K
      |         [32m[Kpublisher_[m[K
[01m[K/home/tasl/autoware.universe-carla-ros-bridge/autoware_ros_bridge_carla/src/sensor_message_converter.cpp:[m[K In member function â€˜[01m[Kvoid SensorMessageConverter::imu_callback(sensor_msgs::msg::Imu_<std::allocator<void> >::ConstSharedPtr)[m[Kâ€™:
[01m[K/home/tasl/autoware.universe-carla-ros-bridge/autoware_ros_bridge_carla/src/sensor_message_converter.cpp:83:7:[m[K [01;31m[Kerror: [m[Kâ€˜[01m[Kpublisher_imu[m[Kâ€™ was not declared in this scope; did you mean â€˜[01m[Kpublisher_[m[Kâ€™?
   83 |       [01;31m[Kpublisher_imu[m[K->publish(message);
      |       [01;31m[K^~~~~~~~~~~~~[m[K
      |       [32m[Kpublisher_[m[K
make[2]: *** [CMakeFiles/sensor_converter.dir/build.make:63: CMakeFiles/sensor_converter.dir/src/sensor_message_converter.cpp.o] Error 1
make[1]: *** [CMakeFiles/Makefile2:256: CMakeFiles/sensor_converter.dir/all] Error 2
make: *** [Makefile:141: all] Error 2
