[0.018s] Invoking command in '/home/tasl/autoware.universe-carla-ros-bridge/build/autoware_ros_bridge_carla': CMAKE_PREFIX_PATH=/home/tasl/autoware.universe-carla-ros-bridge/install/carla_msgs:/home/tasl/autoware.universe-carla-ros-bridge/install/autoware_auto_vehicle_msgs:/home/tasl/autoware.universe-carla-ros-bridge/install/autoware_auto_control_msgs:/home/tasl/autoware.universe-carla-ros-bridge/install/autoware_ros_bridge_carla:/opt/ros/galactic /usr/bin/cmake --build /home/tasl/autoware.universe-carla-ros-bridge/build/autoware_ros_bridge_carla -- -j16 -l16
[0.061s] [35m[1mScanning dependencies of target sensor_converter[0m
[0.072s] [ 11%] Built target jsontest
[0.078s] [ 44%] Built target sender
[0.078s] [ 44%] Built target velocity_reporter
[0.079s] [ 44%] Built target control_command_converter
[0.079s] [ 61%] Built target listener
[0.079s] [ 66%] Built target gnss_converter
[0.083s] [ 77%] Built target steering_reporter
[0.086s] [ 88%] Built target odometry_remapper
[0.096s] [ 94%] [32mBuilding CXX object CMakeFiles/sensor_converter.dir/src/sensor_message_converter.cpp.o[0m
[1.901s] [01m[K/home/tasl/autoware.universe-carla-ros-bridge/autoware_ros_bridge_carla/src/sensor_message_converter.cpp:90:13:[m[K [01;31m[Kerror: [m[Kâ€˜[01m[KPubliser[m[Kâ€™ in namespace â€˜[01m[Krclcpp[m[Kâ€™ does not name a template type; did you mean â€˜[01m[KPublisher[m[Kâ€™?
[1.902s]    90 |     rclcpp::[01;31m[KPubliser[m[K<PointCloud2>::SharedPtr publisher_lidar;
[1.902s]       |             [01;31m[K^~~~~~~~[m[K
[1.902s]       |             [32m[KPublisher[m[K
[1.915s] [01m[K/home/tasl/autoware.universe-carla-ros-bridge/autoware_ros_bridge_carla/src/sensor_message_converter.cpp:[m[K In constructor â€˜[01m[KSensorMessageConverter::SensorMessageConverter()[m[Kâ€™:
[1.915s] [01m[K/home/tasl/autoware.universe-carla-ros-bridge/autoware_ros_bridge_carla/src/sensor_message_converter.cpp:25:7:[m[K [01;31m[Kerror: [m[Kâ€˜[01m[Ksubscription_lidar[m[Kâ€™ was not declared in this scope; did you mean â€˜[01m[Ksubscription_[m[Kâ€™?
[1.915s]    25 |       [01;31m[Ksubscription_lidar[m[K = this->create_subscription<PointCloud2>(
[1.915s]       |       [01;31m[K^~~~~~~~~~~~~~~~~~[m[K
[1.915s]       |       [32m[Ksubscription_[m[K
[1.926s] [01m[K/home/tasl/autoware.universe-carla-ros-bridge/autoware_ros_bridge_carla/src/sensor_message_converter.cpp:28:7:[m[K [01;31m[Kerror: [m[Kâ€˜[01m[Ksubscription_imu[m[Kâ€™ was not declared in this scope; did you mean â€˜[01m[Ksubscription_[m[Kâ€™?
[1.926s]    28 |       [01;31m[Ksubscription_imu[m[K = this->create_subscription<Imu>(
[1.926s]       |       [01;31m[K^~~~~~~~~~~~~~~~[m[K
[1.926s]       |       [32m[Ksubscription_[m[K
[1.938s] [01m[K/home/tasl/autoware.universe-carla-ros-bridge/autoware_ros_bridge_carla/src/sensor_message_converter.cpp:33:7:[m[K [01;31m[Kerror: [m[Kâ€˜[01m[Kpublisher_lidar[m[Kâ€™ was not declared in this scope; did you mean â€˜[01m[Kpublisher_[m[Kâ€™?
[1.938s]    33 |       [01;31m[Kpublisher_lidar[m[K = this->create_publisher<PointCloud2>("/sensing/lidar/top/pointcloud_raw", 10);
[1.938s]       |       [01;31m[K^~~~~~~~~~~~~~~[m[K
[1.939s]       |       [32m[Kpublisher_[m[K
[1.943s] [01m[K/home/tasl/autoware.universe-carla-ros-bridge/autoware_ros_bridge_carla/src/sensor_message_converter.cpp:34:7:[m[K [01;31m[Kerror: [m[Kâ€˜[01m[Kpublisher_imu[m[Kâ€™ was not declared in this scope; did you mean â€˜[01m[Kpublisher_[m[Kâ€™?
[1.943s]    34 |       [01;31m[Kpublisher_imu[m[K = this->create_publisher<Imu>("/sensing/imu/tamagawa/imu_raw", 10);
[1.943s]       |       [01;31m[K^~~~~~~~~~~~~[m[K
[1.943s]       |       [32m[Kpublisher_[m[K
[2.134s] [01m[K/home/tasl/autoware.universe-carla-ros-bridge/autoware_ros_bridge_carla/src/sensor_message_converter.cpp:[m[K In member function â€˜[01m[Kvoid SensorMessageConverter::lidar_callback(sensor_msgs::msg::PointCloud2_<std::allocator<void> >::ConstSharedPtr)[m[Kâ€™:
[2.135s] [01m[K/home/tasl/autoware.universe-carla-ros-bridge/autoware_ros_bridge_carla/src/sensor_message_converter.cpp:77:9:[m[K [01;31m[Kerror: [m[Kâ€˜[01m[Kpublisher_lidar[m[Kâ€™ was not declared in this scope; did you mean â€˜[01m[Kpublisher_[m[Kâ€™?
[2.135s]    77 |         [01;31m[Kpublisher_lidar[m[K->publish(message);
[2.135s]       |         [01;31m[K^~~~~~~~~~~~~~~[m[K
[2.135s]       |         [32m[Kpublisher_[m[K
[2.141s] [01m[K/home/tasl/autoware.universe-carla-ros-bridge/autoware_ros_bridge_carla/src/sensor_message_converter.cpp:[m[K In member function â€˜[01m[Kvoid SensorMessageConverter::imu_callback(sensor_msgs::msg::Imu_<std::allocator<void> >::ConstSharedPtr)[m[Kâ€™:
[2.141s] [01m[K/home/tasl/autoware.universe-carla-ros-bridge/autoware_ros_bridge_carla/src/sensor_message_converter.cpp:83:7:[m[K [01;31m[Kerror: [m[Kâ€˜[01m[Kpublisher_imu[m[Kâ€™ was not declared in this scope; did you mean â€˜[01m[Kpublisher_[m[Kâ€™?
[2.141s]    83 |       [01;31m[Kpublisher_imu[m[K->publish(message);
[2.141s]       |       [01;31m[K^~~~~~~~~~~~~[m[K
[2.141s]       |       [32m[Kpublisher_[m[K
[5.592s] make[2]: *** [CMakeFiles/sensor_converter.dir/build.make:63: CMakeFiles/sensor_converter.dir/src/sensor_message_converter.cpp.o] Error 1
[5.592s] make[1]: *** [CMakeFiles/Makefile2:256: CMakeFiles/sensor_converter.dir/all] Error 2
[5.592s] make: *** [Makefile:141: all] Error 2
[5.594s] Invoked command in '/home/tasl/autoware.universe-carla-ros-bridge/build/autoware_ros_bridge_carla' returned '2': CMAKE_PREFIX_PATH=/home/tasl/autoware.universe-carla-ros-bridge/install/carla_msgs:/home/tasl/autoware.universe-carla-ros-bridge/install/autoware_auto_vehicle_msgs:/home/tasl/autoware.universe-carla-ros-bridge/install/autoware_auto_control_msgs:/home/tasl/autoware.universe-carla-ros-bridge/install/autoware_ros_bridge_carla:/opt/ros/galactic /usr/bin/cmake --build /home/tasl/autoware.universe-carla-ros-bridge/build/autoware_ros_bridge_carla -- -j16 -l16
