[0.009s] Invoking command in '/home/tasl/autoware.auto-ros-bridge/build/autoware_ros_bridge_carla': AMENT_PREFIX_PATH=/home/tasl/autoware.auto-ros-bridge/install/autoware_control_msgs:${AMENT_PREFIX_PATH} CMAKE_PREFIX_PATH=/home/tasl/autoware.auto-ros-bridge/install/autoware_control_msgs:/home/tasl/autoware.auto-ros-bridge/install/autoware_ros_bridge_carla:/opt/ros/galactic LD_LIBRARY_PATH=/home/tasl/autoware.auto-ros-bridge/install/autoware_control_msgs/lib:${LD_LIBRARY_PATH} PYTHONPATH=/home/tasl/autoware.auto-ros-bridge/install/autoware_control_msgs/lib/python3.8/site-packages:${PYTHONPATH} /usr/bin/cmake --build /home/tasl/autoware.auto-ros-bridge/build/autoware_ros_bridge_carla -- -j16 -l16
[0.035s] [35m[1mScanning dependencies of target listener[0m
[0.054s] [ 50%] [32mBuilding CXX object CMakeFiles/listener.dir/src/testControlCommand.cpp.o[0m
[1.158s] [01m[K/home/tasl/autoware.auto-ros-bridge/autoware_ros_bridge_carla/src/testControlCommand.cpp:9:35:[m[K [01;31m[Kerror: [m[Kâ€˜[01m[Kautoware_control_msgs::msg::control[m[Kâ€™ has not been declared
[1.158s]     9 | using autoware_control_msgs::msg::[01;31m[Kcontrol[m[K;
[1.159s]       |                                   [01;31m[K^~~~~~~[m[K
[1.160s] [01m[K/home/tasl/autoware.auto-ros-bridge/autoware_ros_bridge_carla/src/testControlCommand.cpp:23:31:[m[K [01;31m[Kerror: [m[Kâ€˜[01m[Kcontrol[m[Kâ€™ does not name a type
[1.160s]    23 |     void topic_callback(const [01;31m[Kcontrol[m[K::SharedPtr msg) const
[1.160s]       |                               [01;31m[K^~~~~~~[m[K
[1.160s] [01m[K/home/tasl/autoware.auto-ros-bridge/autoware_ros_bridge_carla/src/testControlCommand.cpp:23:50:[m[K [01;31m[Kerror: [m[Kexpected unqualified-id before â€˜[01m[Kmsg[m[Kâ€™
[1.160s]    23 |     void topic_callback(const control::SharedPtr [01;31m[Kmsg[m[K) const
[1.160s]       |                                                  [01;31m[K^~~[m[K
[1.160s] [01m[K/home/tasl/autoware.auto-ros-bridge/autoware_ros_bridge_carla/src/testControlCommand.cpp:23:49:[m[K [01;31m[Kerror: [m[Kexpected â€˜[01m[K)[m[Kâ€™ before â€˜[01m[Kmsg[m[Kâ€™
[1.160s]    23 |     void topic_callback[34m[K([m[Kconst control::SharedPtr[01;31m[K [m[K[32m[Kmsg[m[K) const
[1.160s]       |                        [34m[K~[m[K                        [01;31m[K^[m[K[32m[K~~~[m[K
[1.160s]       |                                                 [32m[K)[m[K
[1.160s] [01m[K/home/tasl/autoware.auto-ros-bridge/autoware_ros_bridge_carla/src/testControlCommand.cpp:23:40:[m[K [01;31m[Kerror: [m[Kexpected â€˜[01m[K;[m[Kâ€™ at end of member declaration
[1.161s]    23 |     void topic_callback(const control::[01;31m[KSharedPtr[m[K msg) const
[1.161s]       |                                        [01;31m[K^~~~~~~~~[m[K
[1.161s]       |                                                 [32m[K;[m[K
[1.161s] [01m[K/home/tasl/autoware.auto-ros-bridge/autoware_ros_bridge_carla/src/testControlCommand.cpp:23:50:[m[K [01;31m[Kerror: [m[Kâ€˜[01m[Kmsg[m[Kâ€™ does not name a type
[1.161s]    23 |     void topic_callback(const control::SharedPtr [01;31m[Kmsg[m[K) const
[1.161s]       |                                                  [01;31m[K^~~[m[K
[1.161s] [01m[K/home/tasl/autoware.auto-ros-bridge/autoware_ros_bridge_carla/src/testControlCommand.cpp:27:26:[m[K [01;31m[Kerror: [m[Kâ€˜[01m[Kcontrol[m[Kâ€™ was not declared in this scope
[1.161s]    27 |     rclcpp::Subscription<[01;31m[Kcontrol[m[K>::SharedPtr subscription_;
[1.162s]       |                          [01;31m[K^~~~~~~[m[K
[1.162s] [01m[K/home/tasl/autoware.auto-ros-bridge/autoware_ros_bridge_carla/src/testControlCommand.cpp:27:33:[m[K [01;31m[Kerror: [m[Ktemplate argument 1 is invalid
[1.162s]    27 |     rclcpp::Subscription<control[01;31m[K>[m[K::SharedPtr subscription_;
[1.162s]       |                                 [01;31m[K^[m[K
[1.162s] [01m[K/home/tasl/autoware.auto-ros-bridge/autoware_ros_bridge_carla/src/testControlCommand.cpp:27:33:[m[K [01;31m[Kerror: [m[Ktemplate argument 3 is invalid
[1.162s] [01m[K/home/tasl/autoware.auto-ros-bridge/autoware_ros_bridge_carla/src/testControlCommand.cpp:27:36:[m[K [01;31m[Kerror: [m[Kexpected â€˜[01m[K;[m[Kâ€™ at end of member declaration
[1.162s]    27 |     rclcpp::Subscription<control>::[01;31m[KSharedPtr[m[K subscription_;
[1.162s]       |                                    [01;31m[K^~~~~~~~~[m[K
[1.162s]       |                                             [32m[K;[m[K
[1.163s] [01m[K/home/tasl/autoware.auto-ros-bridge/autoware_ros_bridge_carla/src/testControlCommand.cpp:27:46:[m[K [01;31m[Kerror: [m[Kâ€˜[01m[Ksubscription_[m[Kâ€™ does not name a type; did you mean â€˜[01m[Krcl_subscription_t[m[Kâ€™?
[1.163s]    27 |     rclcpp::Subscription<control>::SharedPtr [01;31m[Ksubscription_[m[K;
[1.163s]       |                                              [01;31m[K^~~~~~~~~~~~~[m[K
[1.163s]       |                                              [32m[Krcl_subscription_t[m[K
[1.165s] [01m[K/home/tasl/autoware.auto-ros-bridge/autoware_ros_bridge_carla/src/testControlCommand.cpp:[m[K In constructor â€˜[01m[KMinimalSubscriber::MinimalSubscriber()[m[Kâ€™:
[1.165s] [01m[K/home/tasl/autoware.auto-ros-bridge/autoware_ros_bridge_carla/src/testControlCommand.cpp:17:7:[m[K [01;31m[Kerror: [m[Kâ€˜[01m[Ksubscription_[m[Kâ€™ was not declared in this scope; did you mean â€˜[01m[Krcl_subscription_t[m[Kâ€™?
[1.165s]    17 |       [01;31m[Ksubscription_[m[K = this->create_subscription<control>(
[1.165s]       |       [01;31m[K^~~~~~~~~~~~~[m[K
[1.165s]       |       [32m[Krcl_subscription_t[m[K
[1.166s] [01m[K/home/tasl/autoware.auto-ros-bridge/autoware_ros_bridge_carla/src/testControlCommand.cpp:17:49:[m[K [01;31m[Kerror: [m[Kâ€˜[01m[Kcontrol[m[Kâ€™ was not declared in this scope
[1.166s]    17 |       subscription_ = this->create_subscription<[01;31m[Kcontrol[m[K>(
[1.166s]       |                                                 [01;31m[K^~~~~~~[m[K
[1.171s] [01m[K/home/tasl/autoware.auto-ros-bridge/autoware_ros_bridge_carla/src/testControlCommand.cpp:18:77:[m[K [01;31m[Kerror: [m[Kno matching function for call to â€˜[01m[KMinimalSubscriber::create_subscription<<expression error> >(const char [8], int, std::_Bind_helper<false, void (MinimalSubscriber::*)(...), MinimalSubscriber*, const std::_Placeholder<1>&>::type)[m[Kâ€™
[1.171s]    18 |       "chatter", 10, std::bind(&MinimalSubscriber::topic_callback, this, _1)[01;31m[K)[m[K;
[1.171s]       |                                                                             [01;31m[K^[m[K
[1.171s] In file included from [01m[K/opt/ros/galactic/include/rclcpp/executors/single_threaded_executor.hpp:28[m[K,
[1.171s]                  from [01m[K/opt/ros/galactic/include/rclcpp/executors.hpp:22[m[K,
[1.171s]                  from [01m[K/opt/ros/galactic/include/rclcpp/rclcpp.hpp:156[m[K,
[1.171s]                  from [01m[K/home/tasl/autoware.auto-ros-bridge/autoware_ros_bridge_carla/src/testControlCommand.cpp:3[m[K:
[1.171s] [01m[K/opt/ros/galactic/include/rclcpp/node.hpp:229:3:[m[K [01;36m[Knote: [m[Kcandidate: â€˜[01m[Ktemplate<class MessageT, class CallbackT, class AllocatorT, class CallbackMessageT, class SubscriptionT, class MessageMemoryStrategyT> std::shared_ptr<SubscriptionT> rclcpp::Node::create_subscription(const string&, const rclcpp::QoS&, CallbackT&&, const rclcpp::SubscriptionOptionsWithAllocator<AllocatorT>&, typename MessageMemoryStrategyT::SharedPtr)[m[Kâ€™
[1.171s]   229 |   [01;36m[Kcreate_subscription[m[K(
[1.171s]       |   [01;36m[K^~~~~~~~~~~~~~~~~~~[m[K
[1.171s] [01m[K/opt/ros/galactic/include/rclcpp/node.hpp:229:3:[m[K [01;36m[Knote: [m[K  template argument deduction/substitution failed:
[1.171s] [01m[K/home/tasl/autoware.auto-ros-bridge/autoware_ros_bridge_carla/src/testControlCommand.cpp:18:77:[m[K [01;31m[Kerror: [m[Ktemplate argument 1 is invalid
[1.172s]    18 |       "chatter", 10, std::bind(&MinimalSubscriber::topic_callback, this, _1)[01;31m[K)[m[K;
[1.172s]       |                                                                             [01;31m[K^[m[K
[1.579s] make[2]: *** [CMakeFiles/listener.dir/build.make:63: CMakeFiles/listener.dir/src/testControlCommand.cpp.o] Error 1
[1.580s] make[1]: *** [CMakeFiles/Makefile2:78: CMakeFiles/listener.dir/all] Error 2
[1.580s] make: *** [Makefile:141: all] Error 2
[1.583s] Invoked command in '/home/tasl/autoware.auto-ros-bridge/build/autoware_ros_bridge_carla' returned '2': AMENT_PREFIX_PATH=/home/tasl/autoware.auto-ros-bridge/install/autoware_control_msgs:${AMENT_PREFIX_PATH} CMAKE_PREFIX_PATH=/home/tasl/autoware.auto-ros-bridge/install/autoware_control_msgs:/home/tasl/autoware.auto-ros-bridge/install/autoware_ros_bridge_carla:/opt/ros/galactic LD_LIBRARY_PATH=/home/tasl/autoware.auto-ros-bridge/install/autoware_control_msgs/lib:${LD_LIBRARY_PATH} PYTHONPATH=/home/tasl/autoware.auto-ros-bridge/install/autoware_control_msgs/lib/python3.8/site-packages:${PYTHONPATH} /usr/bin/cmake --build /home/tasl/autoware.auto-ros-bridge/build/autoware_ros_bridge_carla -- -j16 -l16
