[01m[K/home/tasl/autoware.auto-ros-bridge/autoware_ros_bridge_carla/src/testControlCommand.cpp:10:63:[m[K [01;31m[Kerror: [m[Kexpected â€˜[01m[K;[m[Kâ€™ before â€˜[01m[Kclass[m[Kâ€™
   10 | using autoware_auto_control_msgs::msg::AckermannControlCommand
      |                                                               [01;31m[K^[m[K
      |                                                               [32m[K;[m[K
   11 | 
   12 | [32m[Kclass[m[K MinimalSubscriber : public rclcpp::Node
      | [32m[K~~~~~[m[K                                                          
make[2]: *** [CMakeFiles/listener.dir/build.make:63: CMakeFiles/listener.dir/src/testControlCommand.cpp.o] Error 1
make[1]: *** [CMakeFiles/Makefile2:78: CMakeFiles/listener.dir/all] Error 2
make: *** [Makefile:141: all] Error 2
