[01m[K/home/tasl/autoware.universe-carla-ros-bridge/autoware_ros_bridge_carla/src/steering_reporter.cpp:70:30:[m[K [01;31m[Kerror: [m[Kâ€˜[01m[KCarlaEgoVehcileInfo[m[Kâ€™ was not declared in this scope
   70 |         rclcpp::Subscription<[01;31m[KCarlaEgoVehcileInfo[m[K>::SharedPtr subscription_info;
      |                              [01;31m[K^~~~~~~~~~~~~~~~~~~[m[K
[01m[K/home/tasl/autoware.universe-carla-ros-bridge/autoware_ros_bridge_carla/src/steering_reporter.cpp:70:49:[m[K [01;31m[Kerror: [m[Ktemplate argument 1 is invalid
   70 |         rclcpp::Subscription<CarlaEgoVehcileInfo[01;31m[K>[m[K::SharedPtr subscription_info;
      |                                                 [01;31m[K^[m[K
[01m[K/home/tasl/autoware.universe-carla-ros-bridge/autoware_ros_bridge_carla/src/steering_reporter.cpp:70:49:[m[K [01;31m[Kerror: [m[Ktemplate argument 3 is invalid
[01m[K/home/tasl/autoware.universe-carla-ros-bridge/autoware_ros_bridge_carla/src/steering_reporter.cpp:70:52:[m[K [01;31m[Kerror: [m[Kexpected â€˜[01m[K;[m[Kâ€™ at end of member declaration
   70 |         rclcpp::Subscription<CarlaEgoVehcileInfo>::[01;31m[KSharedPtr[m[K subscription_info;
      |                                                    [01;31m[K^~~~~~~~~[m[K
      |                                                             [32m[K;[m[K
[01m[K/home/tasl/autoware.universe-carla-ros-bridge/autoware_ros_bridge_carla/src/steering_reporter.cpp:70:62:[m[K [01;31m[Kerror: [m[Kâ€˜[01m[Ksubscription_info[m[Kâ€™ does not name a type; did you mean â€˜[01m[Krcl_subscription_init[m[Kâ€™?
   70 |         rclcpp::Subscription<CarlaEgoVehcileInfo>::SharedPtr [01;31m[Ksubscription_info[m[K;
      |                                                              [01;31m[K^~~~~~~~~~~~~~~~~[m[K
      |                                                              [32m[Krcl_subscription_init[m[K
[01m[K/home/tasl/autoware.universe-carla-ros-bridge/autoware_ros_bridge_carla/src/steering_reporter.cpp:[m[K In constructor â€˜[01m[KSteeringReporter::SteeringReporter()[m[Kâ€™:
[01m[K/home/tasl/autoware.universe-carla-ros-bridge/autoware_ros_bridge_carla/src/steering_reporter.cpp:27:13:[m[K [01;31m[Kerror: [m[Kâ€˜[01m[Ksubscription_info[m[Kâ€™ was not declared in this scope; did you mean â€˜[01m[Ksubscription_status[m[Kâ€™?
   27 |             [01;31m[Ksubscription_info[m[K = this->create_subscription<CarlaEgoVehicleInfo>(
      |             [01;31m[K^~~~~~~~~~~~~~~~~[m[K
      |             [32m[Ksubscription_status[m[K
[01m[K/home/tasl/autoware.universe-carla-ros-bridge/autoware_ros_bridge_carla/src/steering_reporter.cpp:[m[K In member function â€˜[01m[Kvoid SteeringReporter::vehicle_status_callback(carla_msgs::msg::CarlaEgoVehicleStatus_<std::allocator<void> >::ConstSharedPtr)[m[Kâ€™:
[01m[K/home/tasl/autoware.universe-carla-ros-bridge/autoware_ros_bridge_carla/src/steering_reporter.cpp:44:51:[m[K [01;31m[Kerror: [m[Kâ€˜[01m[Kusing element_type = const struct carla_msgs::msg::CarlaEgoVehicleStatus_<std::allocator<void> >[m[Kâ€™ {aka â€˜[01m[Kconst struct carla_msgs::msg::CarlaEgoVehicleStatus_<std::allocator<void> >[m[Kâ€™} has no member named â€˜[01m[Kwheels[m[Kâ€™
   44 |             CarlaEgoVehicleInfoWheel arr[] = msg->[01;31m[Kwheels[m[K;
      |                                                   [01;31m[K^~~~~~[m[K
make[2]: *** [CMakeFiles/steering_reporter.dir/build.make:63: CMakeFiles/steering_reporter.dir/src/steering_reporter.cpp.o] Error 1
make[1]: *** [CMakeFiles/Makefile2:252: CMakeFiles/steering_reporter.dir/all] Error 2
make: *** [Makefile:141: all] Error 2
