[0.013s] Invoking command in '/home/tasl/autoware.universe-carla-ros-bridge/build/autoware_ros_bridge_carla': AMENT_PREFIX_PATH=/home/tasl/autoware.universe-carla-ros-bridge/install/carla_msgs:${AMENT_PREFIX_PATH} CMAKE_PREFIX_PATH=/opt/ros/galactic:/home/tasl/autoware.universe-carla-ros-bridge/install/carla_msgs:/home/tasl/autoware.universe-carla-ros-bridge/install/autoware_auto_vehicle_msgs:/home/tasl/autoware.universe-carla-ros-bridge/install/autoware_auto_control_msgs:/home/tasl/autoware.universe-carla-ros-bridge/install/autoware_ros_bridge_carla LD_LIBRARY_PATH=/home/tasl/autoware.universe-carla-ros-bridge/install/carla_msgs/lib:${LD_LIBRARY_PATH} PYTHONPATH=/home/tasl/autoware.universe-carla-ros-bridge/install/carla_msgs/lib/python3.8/site-packages:${PYTHONPATH} /usr/bin/cmake --build /home/tasl/autoware.universe-carla-ros-bridge/build/autoware_ros_bridge_carla -- -j16 -l16
[0.050s] [ 14%] Built target jsontest
[0.053s] [ 64%] Built target velocity_reporter
[0.053s] [ 64%] Built target sender
[0.053s] [ 64%] [32mBuilding CXX object CMakeFiles/steering_reporter.dir/src/steering_reporter.cpp.o[0m
[0.053s] [ 64%] Built target listener
[0.053s] [ 78%] Built target odometry_remapper
[0.055s] [ 92%] Built target control_command_converter
[1.220s] [01m[K/home/tasl/autoware.universe-carla-ros-bridge/autoware_ros_bridge_carla/src/steering_reporter.cpp:70:30:[m[K [01;31m[Kerror: [m[Kâ€˜[01m[KCarlaEgoVehcileInfo[m[Kâ€™ was not declared in this scope
[1.220s]    70 |         rclcpp::Subscription<[01;31m[KCarlaEgoVehcileInfo[m[K>::SharedPtr subscription_info;
[1.220s]       |                              [01;31m[K^~~~~~~~~~~~~~~~~~~[m[K
[1.220s] [01m[K/home/tasl/autoware.universe-carla-ros-bridge/autoware_ros_bridge_carla/src/steering_reporter.cpp:70:49:[m[K [01;31m[Kerror: [m[Ktemplate argument 1 is invalid
[1.220s]    70 |         rclcpp::Subscription<CarlaEgoVehcileInfo[01;31m[K>[m[K::SharedPtr subscription_info;
[1.220s]       |                                                 [01;31m[K^[m[K
[1.221s] [01m[K/home/tasl/autoware.universe-carla-ros-bridge/autoware_ros_bridge_carla/src/steering_reporter.cpp:70:49:[m[K [01;31m[Kerror: [m[Ktemplate argument 3 is invalid
[1.221s] [01m[K/home/tasl/autoware.universe-carla-ros-bridge/autoware_ros_bridge_carla/src/steering_reporter.cpp:70:52:[m[K [01;31m[Kerror: [m[Kexpected â€˜[01m[K;[m[Kâ€™ at end of member declaration
[1.221s]    70 |         rclcpp::Subscription<CarlaEgoVehcileInfo>::[01;31m[KSharedPtr[m[K subscription_info;
[1.221s]       |                                                    [01;31m[K^~~~~~~~~[m[K
[1.221s]       |                                                             [32m[K;[m[K
[1.222s] [01m[K/home/tasl/autoware.universe-carla-ros-bridge/autoware_ros_bridge_carla/src/steering_reporter.cpp:70:62:[m[K [01;31m[Kerror: [m[Kâ€˜[01m[Ksubscription_info[m[Kâ€™ does not name a type; did you mean â€˜[01m[Krcl_subscription_init[m[Kâ€™?
[1.222s]    70 |         rclcpp::Subscription<CarlaEgoVehcileInfo>::SharedPtr [01;31m[Ksubscription_info[m[K;
[1.222s]       |                                                              [01;31m[K^~~~~~~~~~~~~~~~~[m[K
[1.222s]       |                                                              [32m[Krcl_subscription_init[m[K
[1.243s] [01m[K/home/tasl/autoware.universe-carla-ros-bridge/autoware_ros_bridge_carla/src/steering_reporter.cpp:[m[K In constructor â€˜[01m[KSteeringReporter::SteeringReporter()[m[Kâ€™:
[1.243s] [01m[K/home/tasl/autoware.universe-carla-ros-bridge/autoware_ros_bridge_carla/src/steering_reporter.cpp:27:13:[m[K [01;31m[Kerror: [m[Kâ€˜[01m[Ksubscription_info[m[Kâ€™ was not declared in this scope; did you mean â€˜[01m[Ksubscription_status[m[Kâ€™?
[1.243s]    27 |             [01;31m[Ksubscription_info[m[K = this->create_subscription<CarlaEgoVehicleInfo>(
[1.243s]       |             [01;31m[K^~~~~~~~~~~~~~~~~[m[K
[1.243s]       |             [32m[Ksubscription_status[m[K
[1.375s] [01m[K/home/tasl/autoware.universe-carla-ros-bridge/autoware_ros_bridge_carla/src/steering_reporter.cpp:[m[K In member function â€˜[01m[Kvoid SteeringReporter::vehicle_status_callback(carla_msgs::msg::CarlaEgoVehicleStatus_<std::allocator<void> >::ConstSharedPtr)[m[Kâ€™:
[1.375s] [01m[K/home/tasl/autoware.universe-carla-ros-bridge/autoware_ros_bridge_carla/src/steering_reporter.cpp:44:51:[m[K [01;31m[Kerror: [m[Kâ€˜[01m[Kusing element_type = const struct carla_msgs::msg::CarlaEgoVehicleStatus_<std::allocator<void> >[m[Kâ€™ {aka â€˜[01m[Kconst struct carla_msgs::msg::CarlaEgoVehicleStatus_<std::allocator<void> >[m[Kâ€™} has no member named â€˜[01m[Kwheels[m[Kâ€™
[1.375s]    44 |             CarlaEgoVehicleInfoWheel arr[] = msg->[01;31m[Kwheels[m[K;
[1.375s]       |                                                   [01;31m[K^~~~~~[m[K
[3.187s] make[2]: *** [CMakeFiles/steering_reporter.dir/build.make:63: CMakeFiles/steering_reporter.dir/src/steering_reporter.cpp.o] Error 1
[3.188s] make[1]: *** [CMakeFiles/Makefile2:252: CMakeFiles/steering_reporter.dir/all] Error 2
[3.188s] make: *** [Makefile:141: all] Error 2
[3.189s] Invoked command in '/home/tasl/autoware.universe-carla-ros-bridge/build/autoware_ros_bridge_carla' returned '2': AMENT_PREFIX_PATH=/home/tasl/autoware.universe-carla-ros-bridge/install/carla_msgs:${AMENT_PREFIX_PATH} CMAKE_PREFIX_PATH=/opt/ros/galactic:/home/tasl/autoware.universe-carla-ros-bridge/install/carla_msgs:/home/tasl/autoware.universe-carla-ros-bridge/install/autoware_auto_vehicle_msgs:/home/tasl/autoware.universe-carla-ros-bridge/install/autoware_auto_control_msgs:/home/tasl/autoware.universe-carla-ros-bridge/install/autoware_ros_bridge_carla LD_LIBRARY_PATH=/home/tasl/autoware.universe-carla-ros-bridge/install/carla_msgs/lib:${LD_LIBRARY_PATH} PYTHONPATH=/home/tasl/autoware.universe-carla-ros-bridge/install/carla_msgs/lib/python3.8/site-packages:${PYTHONPATH} /usr/bin/cmake --build /home/tasl/autoware.universe-carla-ros-bridge/build/autoware_ros_bridge_carla -- -j16 -l16
