[0.011s] Invoking command in '/home/tasl/autoware.auto-ros-bridge/build/autoware_ros_bridge_carla': CMAKE_PREFIX_PATH=/home/tasl/autoware.auto-ros-bridge/install/autoware_control_msgs:/home/tasl/autoware.auto-ros-bridge/install/autoware_auto_control_msgs:/home/tasl/autoware.auto-ros-bridge/install/autoware_ros_bridge_carla:/opt/ros/galactic LD_LIBRARY_PATH=/home/tasl/autoware.auto-ros-bridge/install/autoware_control_msgs/lib:/home/tasl/autoware.auto-ros-bridge/install/autoware_auto_control_msgs/lib:/opt/ros/galactic/opt/yaml_cpp_vendor/lib:/opt/ros/galactic/opt/rviz_ogre_vendor/lib:/opt/ros/galactic/lib/x86_64-linux-gnu:/opt/ros/galactic/lib PYTHONPATH=/home/tasl/autoware.auto-ros-bridge/install/autoware_control_msgs/lib/python3.8/site-packages:/home/tasl/autoware.auto-ros-bridge/install/autoware_auto_control_msgs/lib/python3.8/site-packages:/opt/ros/galactic/lib/python3.8/site-packages /usr/bin/cmake --build /home/tasl/autoware.auto-ros-bridge/build/autoware_ros_bridge_carla -- -j16 -l16
[0.038s] [35m[1mScanning dependencies of target listener[0m
[0.043s] [ 50%] Built target jsontest
[0.059s] [ 75%] [32mBuilding CXX object CMakeFiles/listener.dir/src/testControlCommand.cpp.o[0m
[1.369s] [01m[K/home/tasl/autoware.auto-ros-bridge/autoware_ros_bridge_carla/src/testControlCommand.cpp:[m[K In member function â€˜[01m[Kvoid MinimalSubscriber::topic_callback(autoware_auto_control_msgs::msg::AckermannControlCommand_<std::allocator<void> >::ConstSharedPtr)[m[Kâ€™:
[1.369s] [01m[K/home/tasl/autoware.auto-ros-bridge/autoware_ros_bridge_carla/src/testControlCommand.cpp:40:7:[m[K [01;31m[Kerror: [m[Kâ€˜[01m[KDocument[m[Kâ€™ was not declared in this scope; did you mean â€˜[01m[Krapidjson::Document[m[Kâ€™?
[1.369s]    40 |       [01;31m[KDocument[m[K json_content;
[1.370s]       |       [01;31m[K^~~~~~~~[m[K
[1.370s]       |       [32m[Krapidjson::Document[m[K
[1.370s] In file included from [01m[K/home/tasl/autoware.auto-ros-bridge/autoware_ros_bridge_carla/src/testControlCommand.cpp:6[m[K:
[1.370s] [01m[K/home/tasl/autoware.auto-ros-bridge/autoware_ros_bridge_carla/include/rapidjson/document.h:2889:34:[m[K [01;36m[Knote: [m[Kâ€˜[01m[Krapidjson::Document[m[Kâ€™ declared here
[1.370s]  2889 | typedef GenericDocument<UTF8<> > [01;36m[KDocument[m[K;
[1.370s]       |                                  [01;36m[K^~~~~~~~[m[K
[1.370s] [01m[K/home/tasl/autoware.auto-ros-bridge/autoware_ros_bridge_carla/src/testControlCommand.cpp:41:7:[m[K [01;31m[Kerror: [m[Kâ€˜[01m[KDocument[m[Kâ€™ is not a class, namespace, or enumeration
[1.370s]    41 |       [01;31m[KDocument[m[K::AllocatorType& allocator = json_content.GetAllocator();
[1.370s]       |       [01;31m[K^~~~~~~~[m[K
[1.370s] [01m[K/home/tasl/autoware.auto-ros-bridge/autoware_ros_bridge_carla/src/testControlCommand.cpp:41:32:[m[K [01;31m[Kerror: [m[Kâ€˜[01m[Kallocator[m[Kâ€™ was not declared in this scope
[1.370s]    41 |       Document::AllocatorType& [01;31m[Kallocator[m[K = json_content.GetAllocator();
[1.370s]       |                                [01;31m[K^~~~~~~~~[m[K
[1.370s] [01m[K/home/tasl/autoware.auto-ros-bridge/autoware_ros_bridge_carla/src/testControlCommand.cpp:41:32:[m[K [01;36m[Knote: [m[Ksuggested alternatives:
[1.370s] In file included from [01m[K/usr/include/c++/9/bits/allocator.h:47[m[K,
[1.370s]                  from [01m[K/usr/include/c++/9/memory:63[m[K,
[1.370s]                  from [01m[K/home/tasl/autoware.auto-ros-bridge/autoware_ros_bridge_carla/src/testControlCommand.cpp:1[m[K:
[1.370s] [01m[K/usr/include/c++/9/bits/memoryfwd.h:64:11:[m[K [01;36m[Knote: [m[K  â€˜[01m[Kstd::allocator[m[Kâ€™
[1.371s]    64 |     class [01;36m[Kallocator[m[K;
[1.371s]       |           [01;36m[K^~~~~~~~~[m[K
[1.371s] In file included from [01m[K/opt/ros/galactic/include/rclcpp/allocator/allocator_common.hpp:22[m[K,
[1.371s]                  from [01m[K/opt/ros/galactic/include/rclcpp/any_subscription_callback.hpp:28[m[K,
[1.371s]                  from [01m[K/opt/ros/galactic/include/rclcpp/subscription_base.hpp:29[m[K,
[1.371s]                  from [01m[K/opt/ros/galactic/include/rclcpp/callback_group.hpp:26[m[K,
[1.371s]                  from [01m[K/opt/ros/galactic/include/rclcpp/any_executable.hpp:20[m[K,
[1.371s]                  from [01m[K/opt/ros/galactic/include/rclcpp/memory_strategy.hpp:25[m[K,
[1.371s]                  from [01m[K/opt/ros/galactic/include/rclcpp/memory_strategies.hpp:18[m[K,
[1.371s]                  from [01m[K/opt/ros/galactic/include/rclcpp/executor_options.hpp:20[m[K,
[1.371s]                  from [01m[K/opt/ros/galactic/include/rclcpp/executor.hpp:36[m[K,
[1.371s]                  from [01m[K/opt/ros/galactic/include/rclcpp/executors/multi_threaded_executor.hpp:26[m[K,
[1.371s]                  from [01m[K/opt/ros/galactic/include/rclcpp/executors.hpp:21[m[K,
[1.371s]                  from [01m[K/opt/ros/galactic/include/rclcpp/rclcpp.hpp:156[m[K,
[1.372s]                  from [01m[K/home/tasl/autoware.auto-ros-bridge/autoware_ros_bridge_carla/src/testControlCommand.cpp:3[m[K:
[1.372s] [01m[K/opt/ros/galactic/include/rclcpp/allocator/allocator_deleter.hpp:23:11:[m[K [01;36m[Knote: [m[K  â€˜[01m[Krclcpp::allocator[m[Kâ€™
[1.372s]    23 | namespace [01;36m[Kallocator[m[K
[1.372s]       |           [01;36m[K^~~~~~~~~[m[K
[1.372s] [01m[K/home/tasl/autoware.auto-ros-bridge/autoware_ros_bridge_carla/src/testControlCommand.cpp:41:44:[m[K [01;31m[Kerror: [m[Kâ€˜[01m[Kjson_content[m[Kâ€™ was not declared in this scope
[1.372s]    41 |       Document::AllocatorType& allocator = [01;31m[Kjson_content[m[K.GetAllocator();
[1.372s]       |                                            [01;31m[K^~~~~~~~~~~~[m[K
[1.372s] [01m[K/home/tasl/autoware.auto-ros-bridge/autoware_ros_bridge_carla/src/testControlCommand.cpp:51:7:[m[K [01;31m[Kerror: [m[Kâ€˜[01m[KStringBuffer[m[Kâ€™ was not declared in this scope; did you mean â€˜[01m[Krapidjson::StringBuffer[m[Kâ€™?
[1.372s]    51 |       [01;31m[KStringBuffer[m[K buffer;
[1.372s]       |       [01;31m[K^~~~~~~~~~~~[m[K
[1.372s]       |       [32m[Krapidjson::StringBuffer[m[K
[1.372s] In file included from [01m[K/home/tasl/autoware.auto-ros-bridge/autoware_ros_bridge_carla/include/rapidjson/writer.h:25[m[K,
[1.372s]                  from [01m[K/home/tasl/autoware.auto-ros-bridge/autoware_ros_bridge_carla/src/testControlCommand.cpp:7[m[K:
[1.372s] [01m[K/home/tasl/autoware.auto-ros-bridge/autoware_ros_bridge_carla/include/rapidjson/stringbuffer.h:97:38:[m[K [01;36m[Knote: [m[Kâ€˜[01m[Krapidjson::StringBuffer[m[Kâ€™ declared here
[1.372s]    97 | typedef GenericStringBuffer<UTF8<> > [01;36m[KStringBuffer[m[K;
[1.373s]       |                                      [01;36m[K^~~~~~~~~~~~[m[K
[1.373s] [01m[K/home/tasl/autoware.auto-ros-bridge/autoware_ros_bridge_carla/src/testControlCommand.cpp:52:7:[m[K [01;31m[Kerror: [m[Kâ€˜[01m[KWriter[m[Kâ€™ was not declared in this scope; did you mean â€˜[01m[Krapidjson::Writer[m[Kâ€™?
[1.373s]    52 |       [01;31m[KWriter[m[K<StringBuffer> writer(buffer);
[1.373s]       |       [01;31m[K^~~~~~[m[K
[1.373s]       |       [32m[Krapidjson::Writer[m[K
[1.373s] In file included from [01m[K/home/tasl/autoware.auto-ros-bridge/autoware_ros_bridge_carla/src/testControlCommand.cpp:7[m[K:
[1.373s] [01m[K/home/tasl/autoware.auto-ros-bridge/autoware_ros_bridge_carla/include/rapidjson/writer.h:90:7:[m[K [01;36m[Knote: [m[Kâ€˜[01m[Krapidjson::Writer[m[Kâ€™ declared here
[1.373s]    90 | class [01;36m[KWriter[m[K {
[1.373s]       |       [01;36m[K^~~~~~[m[K
[1.373s] [01m[K/home/tasl/autoware.auto-ros-bridge/autoware_ros_bridge_carla/src/testControlCommand.cpp:52:35:[m[K [01;31m[Kerror: [m[Kâ€˜[01m[Kbuffer[m[Kâ€™ was not declared in this scope; did you mean â€˜[01m[Ksetbuffer[m[Kâ€™?
[1.373s]    52 |       Writer<StringBuffer> writer([01;31m[Kbuffer[m[K);
[1.373s]       |                                   [01;31m[K^~~~~~[m[K
[1.373s]       |                                   [32m[Ksetbuffer[m[K
[1.373s] [01m[K/home/tasl/autoware.auto-ros-bridge/autoware_ros_bridge_carla/src/testControlCommand.cpp:52:28:[m[K [01;31m[Kerror: [m[Kâ€˜[01m[Kwriter[m[Kâ€™ was not declared in this scope; did you mean â€˜[01m[Kfwrite[m[Kâ€™?
[1.373s]    52 |       Writer<StringBuffer> [01;31m[Kwriter[m[K(buffer);
[1.373s]       |                            [01;31m[K^~~~~~[m[K
[1.373s]       |                            [32m[Kfwrite[m[K
[2.648s] make[2]: *** [CMakeFiles/listener.dir/build.make:63: CMakeFiles/listener.dir/src/testControlCommand.cpp.o] Error 1
[2.648s] make[1]: *** [CMakeFiles/Makefile2:80: CMakeFiles/listener.dir/all] Error 2
[2.649s] make: *** [Makefile:141: all] Error 2
[2.650s] Invoked command in '/home/tasl/autoware.auto-ros-bridge/build/autoware_ros_bridge_carla' returned '2': CMAKE_PREFIX_PATH=/home/tasl/autoware.auto-ros-bridge/install/autoware_control_msgs:/home/tasl/autoware.auto-ros-bridge/install/autoware_auto_control_msgs:/home/tasl/autoware.auto-ros-bridge/install/autoware_ros_bridge_carla:/opt/ros/galactic LD_LIBRARY_PATH=/home/tasl/autoware.auto-ros-bridge/install/autoware_control_msgs/lib:/home/tasl/autoware.auto-ros-bridge/install/autoware_auto_control_msgs/lib:/opt/ros/galactic/opt/yaml_cpp_vendor/lib:/opt/ros/galactic/opt/rviz_ogre_vendor/lib:/opt/ros/galactic/lib/x86_64-linux-gnu:/opt/ros/galactic/lib PYTHONPATH=/home/tasl/autoware.auto-ros-bridge/install/autoware_control_msgs/lib/python3.8/site-packages:/home/tasl/autoware.auto-ros-bridge/install/autoware_auto_control_msgs/lib/python3.8/site-packages:/opt/ros/galactic/lib/python3.8/site-packages /usr/bin/cmake --build /home/tasl/autoware.auto-ros-bridge/build/autoware_ros_bridge_carla -- -j16 -l16
