[0.011s] Invoking command in '/home/tasl/autoware.universe-carla-ros-bridge/build/autoware_ros_bridge_carla': AMENT_PREFIX_PATH=/home/tasl/autoware.universe-carla-ros-bridge/install/autoware_control_msgs:/home/tasl/autoware.universe-carla-ros-bridge/install/autoware_auto_control_msgs:${AMENT_PREFIX_PATH} CMAKE_PREFIX_PATH=/home/tasl/autoware.universe-carla-ros-bridge/install/autoware_control_msgs:/home/tasl/autoware.universe-carla-ros-bridge/install/autoware_auto_control_msgs:/opt/ros/galactic LD_LIBRARY_PATH=/home/tasl/autoware.universe-carla-ros-bridge/install/autoware_control_msgs/lib:/home/tasl/autoware.universe-carla-ros-bridge/install/autoware_auto_control_msgs/lib:${LD_LIBRARY_PATH} PYTHONPATH=/home/tasl/autoware.universe-carla-ros-bridge/install/autoware_control_msgs/lib/python3.8/site-packages:/home/tasl/autoware.universe-carla-ros-bridge/install/autoware_auto_control_msgs/lib/python3.8/site-packages:${PYTHONPATH} /usr/bin/cmake --build /home/tasl/autoware.universe-carla-ros-bridge/build/autoware_ros_bridge_carla -- -j16 -l16
[0.048s] [35m[1mScanning dependencies of target control_command_converter[0m
[0.057s] [ 25%] Built target jsontest
[0.060s] [ 75%] Built target listener
[0.060s] [ 75%] Built target sender
[0.072s] [ 87%] [32mBuilding CXX object CMakeFiles/control_command_converter.dir/src/control_command_converter.cpp.o[0m
[1.863s] [01m[K/home/tasl/autoware.universe-carla-ros-bridge/autoware_ros_bridge_carla/src/control_command_converter.cpp:[m[K In function â€˜[01m[Kint main(int, char**)[m[Kâ€™:
[1.863s] [01m[K/home/tasl/autoware.universe-carla-ros-bridge/autoware_ros_bridge_carla/src/control_command_converter.cpp:58:16:[m[K [01;31m[Kerror: [m[Kno matching function for call to â€˜[01m[Kspin()[m[Kâ€™
[1.864s]    58 |   rclcpp::spin([01;31m[K)[m[K;
[1.864s]       |                [01;31m[K^[m[K
[1.864s] In file included from [01m[K/opt/ros/galactic/include/rclcpp/rclcpp.hpp:156[m[K,
[1.864s]                  from [01m[K/home/tasl/autoware.universe-carla-ros-bridge/autoware_ros_bridge_carla/src/control_command_converter.cpp:4[m[K:
[1.864s] [01m[K/opt/ros/galactic/include/rclcpp/executors.hpp:45:1:[m[K [01;36m[Knote: [m[Kcandidate: â€˜[01m[Kvoid rclcpp::spin(rclcpp::node_interfaces::NodeBaseInterface::SharedPtr)[m[Kâ€™
[1.864s]    45 | [01;36m[Kspin[m[K(rclcpp::node_interfaces::NodeBaseInterface::SharedPtr node_ptr);
[1.864s]       | [01;36m[K^~~~[m[K
[1.864s] [01m[K/opt/ros/galactic/include/rclcpp/executors.hpp:45:1:[m[K [01;36m[Knote: [m[K  candidate expects 1 argument, 0 provided
[1.864s] [01m[K/opt/ros/galactic/include/rclcpp/executors.hpp:49:1:[m[K [01;36m[Knote: [m[Kcandidate: â€˜[01m[Kvoid rclcpp::spin(rclcpp::Node::SharedPtr)[m[Kâ€™
[1.864s]    49 | [01;36m[Kspin[m[K(rclcpp::Node::SharedPtr node_ptr);
[1.864s]       | [01;36m[K^~~~[m[K
[1.864s] [01m[K/opt/ros/galactic/include/rclcpp/executors.hpp:49:1:[m[K [01;36m[Knote: [m[K  candidate expects 1 argument, 0 provided
[3.743s] make[2]: *** [CMakeFiles/control_command_converter.dir/build.make:63: CMakeFiles/control_command_converter.dir/src/control_command_converter.cpp.o] Error 1
[3.743s] make[1]: *** [CMakeFiles/Makefile2:84: CMakeFiles/control_command_converter.dir/all] Error 2
[3.743s] make: *** [Makefile:141: all] Error 2
[3.745s] Invoked command in '/home/tasl/autoware.universe-carla-ros-bridge/build/autoware_ros_bridge_carla' returned '2': AMENT_PREFIX_PATH=/home/tasl/autoware.universe-carla-ros-bridge/install/autoware_control_msgs:/home/tasl/autoware.universe-carla-ros-bridge/install/autoware_auto_control_msgs:${AMENT_PREFIX_PATH} CMAKE_PREFIX_PATH=/home/tasl/autoware.universe-carla-ros-bridge/install/autoware_control_msgs:/home/tasl/autoware.universe-carla-ros-bridge/install/autoware_auto_control_msgs:/opt/ros/galactic LD_LIBRARY_PATH=/home/tasl/autoware.universe-carla-ros-bridge/install/autoware_control_msgs/lib:/home/tasl/autoware.universe-carla-ros-bridge/install/autoware_auto_control_msgs/lib:${LD_LIBRARY_PATH} PYTHONPATH=/home/tasl/autoware.universe-carla-ros-bridge/install/autoware_control_msgs/lib/python3.8/site-packages:/home/tasl/autoware.universe-carla-ros-bridge/install/autoware_auto_control_msgs/lib/python3.8/site-packages:${PYTHONPATH} /usr/bin/cmake --build /home/tasl/autoware.universe-carla-ros-bridge/build/autoware_ros_bridge_carla -- -j16 -l16
