[0.013s] Invoking command in '/home/tasl/autoware.universe-carla-ros-bridge/build/autoware_ros_bridge_carla': AMENT_PREFIX_PATH=/home/tasl/autoware.universe-carla-ros-bridge/install/carla_msgs:${AMENT_PREFIX_PATH} CMAKE_PREFIX_PATH=/opt/ros/galactic:/home/tasl/autoware.universe-carla-ros-bridge/install/carla_msgs:/home/tasl/autoware.universe-carla-ros-bridge/install/autoware_auto_vehicle_msgs:/home/tasl/autoware.universe-carla-ros-bridge/install/autoware_auto_control_msgs:/home/tasl/autoware.universe-carla-ros-bridge/install/autoware_ros_bridge_carla LD_LIBRARY_PATH=/home/tasl/autoware.universe-carla-ros-bridge/install/carla_msgs/lib:${LD_LIBRARY_PATH} PYTHONPATH=/home/tasl/autoware.universe-carla-ros-bridge/install/carla_msgs/lib/python3.8/site-packages:${PYTHONPATH} /usr/bin/cmake --build /home/tasl/autoware.universe-carla-ros-bridge/build/autoware_ros_bridge_carla -- -j16 -l16
[0.043s] [35m[1mScanning dependencies of target steering_reporter[0m
[0.050s] [ 14%] Built target jsontest
[0.053s] [ 71%] Built target sender
[0.053s] [ 71%] Built target velocity_reporter
[0.053s] [ 71%] Built target listener
[0.054s] [ 71%] Built target control_command_converter
[0.054s] [ 85%] Built target odometry_remapper
[0.068s] [ 92%] [32mBuilding CXX object CMakeFiles/steering_reporter.dir/src/steering_reporter.cpp.o[0m
[1.268s] [01m[K/home/tasl/autoware.universe-carla-ros-bridge/autoware_ros_bridge_carla/src/steering_reporter.cpp:68:30:[m[K [01;31m[Kerror: [m[Kâ€˜[01m[KCarlaEgoVehcileInfo[m[Kâ€™ was not declared in this scope
[1.269s]    68 |         rclcpp::Subscription<[01;31m[KCarlaEgoVehcileInfo[m[K>::SharedPtr subscription_info;
[1.269s]       |                              [01;31m[K^~~~~~~~~~~~~~~~~~~[m[K
[1.269s] [01m[K/home/tasl/autoware.universe-carla-ros-bridge/autoware_ros_bridge_carla/src/steering_reporter.cpp:68:49:[m[K [01;31m[Kerror: [m[Ktemplate argument 1 is invalid
[1.269s]    68 |         rclcpp::Subscription<CarlaEgoVehcileInfo[01;31m[K>[m[K::SharedPtr subscription_info;
[1.269s]       |                                                 [01;31m[K^[m[K
[1.269s] [01m[K/home/tasl/autoware.universe-carla-ros-bridge/autoware_ros_bridge_carla/src/steering_reporter.cpp:68:49:[m[K [01;31m[Kerror: [m[Ktemplate argument 3 is invalid
[1.269s] [01m[K/home/tasl/autoware.universe-carla-ros-bridge/autoware_ros_bridge_carla/src/steering_reporter.cpp:68:52:[m[K [01;31m[Kerror: [m[Kexpected â€˜[01m[K;[m[Kâ€™ at end of member declaration
[1.269s]    68 |         rclcpp::Subscription<CarlaEgoVehcileInfo>::[01;31m[KSharedPtr[m[K subscription_info;
[1.269s]       |                                                    [01;31m[K^~~~~~~~~[m[K
[1.269s]       |                                                             [32m[K;[m[K
[1.270s] [01m[K/home/tasl/autoware.universe-carla-ros-bridge/autoware_ros_bridge_carla/src/steering_reporter.cpp:68:62:[m[K [01;31m[Kerror: [m[Kâ€˜[01m[Ksubscription_info[m[Kâ€™ does not name a type; did you mean â€˜[01m[Krcl_subscription_init[m[Kâ€™?
[1.270s]    68 |         rclcpp::Subscription<CarlaEgoVehcileInfo>::SharedPtr [01;31m[Ksubscription_info[m[K;
[1.270s]       |                                                              [01;31m[K^~~~~~~~~~~~~~~~~[m[K
[1.270s]       |                                                              [32m[Krcl_subscription_init[m[K
[1.292s] [01m[K/home/tasl/autoware.universe-carla-ros-bridge/autoware_ros_bridge_carla/src/steering_reporter.cpp:[m[K In constructor â€˜[01m[KSteeringReporter::SteeringReporter()[m[Kâ€™:
[1.292s] [01m[K/home/tasl/autoware.universe-carla-ros-bridge/autoware_ros_bridge_carla/src/steering_reporter.cpp:25:9:[m[K [01;31m[Kerror: [m[Kâ€˜[01m[Ksubscription_info[m[Kâ€™ was not declared in this scope; did you mean â€˜[01m[Ksubscription_status[m[Kâ€™?
[1.292s]    25 |         [01;31m[Ksubscription_info[m[K = this->create_subscription<CarlaEgoVehicleInfo>(
[1.292s]       |         [01;31m[K^~~~~~~~~~~~~~~~~[m[K
[1.292s]       |         [32m[Ksubscription_status[m[K
[1.301s] [01m[K/home/tasl/autoware.universe-carla-ros-bridge/autoware_ros_bridge_carla/src/steering_reporter.cpp:27:45:[m[K [01;31m[Kerror: [m[Kâ€˜[01m[KVelocityReport[m[Kâ€™ was not declared in this scope
[1.301s]    27 |         publisher_ = this->create_publisher<[01;31m[KVelocityReport[m[K>("/vehicle/status/steering_status", 10);
[1.301s]       |                                             [01;31m[K^~~~~~~~~~~~~~[m[K
[1.301s] [01m[K/home/tasl/autoware.universe-carla-ros-bridge/autoware_ros_bridge_carla/src/steering_reporter.cpp:27:98:[m[K [01;31m[Kerror: [m[Kno matching function for call to â€˜[01m[KSteeringReporter::create_publisher<<expression error> >(const char [32], int)[m[Kâ€™
[1.301s]    27 |         publisher_ = this->create_publisher<VelocityReport>("/vehicle/status/steering_status", 10[01;31m[K)[m[K;
[1.301s]       |                                                                                                  [01;31m[K^[m[K
[1.301s] In file included from [01m[K/opt/ros/galactic/include/rclcpp/executors/single_threaded_executor.hpp:28[m[K,
[1.301s]                  from [01m[K/opt/ros/galactic/include/rclcpp/executors.hpp:22[m[K,
[1.301s]                  from [01m[K/opt/ros/galactic/include/rclcpp/rclcpp.hpp:156[m[K,
[1.301s]                  from [01m[K/home/tasl/autoware.universe-carla-ros-bridge/autoware_ros_bridge_carla/src/steering_reporter.cpp:5[m[K:
[1.301s] [01m[K/opt/ros/galactic/include/rclcpp/node.hpp:200:3:[m[K [01;36m[Knote: [m[Kcandidate: â€˜[01m[Ktemplate<class MessageT, class AllocatorT, class PublisherT> std::shared_ptr<PublisherT> rclcpp::Node::create_publisher(const string&, const rclcpp::QoS&, const rclcpp::PublisherOptionsWithAllocator<AllocatorT>&)[m[Kâ€™
[1.302s]   200 |   [01;36m[Kcreate_publisher[m[K(
[1.302s]       |   [01;36m[K^~~~~~~~~~~~~~~~[m[K
[1.302s] [01m[K/opt/ros/galactic/include/rclcpp/node.hpp:200:3:[m[K [01;36m[Knote: [m[K  template argument deduction/substitution failed:
[1.302s] [01m[K/home/tasl/autoware.universe-carla-ros-bridge/autoware_ros_bridge_carla/src/steering_reporter.cpp:27:98:[m[K [01;31m[Kerror: [m[Ktemplate argument 1 is invalid
[1.302s]    27 |         publisher_ = this->create_publisher<VelocityReport>("/vehicle/status/steering_status", 10[01;31m[K)[m[K;
[1.302s]       |                                                                                                  [01;31m[K^[m[K
[1.427s] [01m[K/home/tasl/autoware.universe-carla-ros-bridge/autoware_ros_bridge_carla/src/steering_reporter.cpp:[m[K In member function â€˜[01m[Kvoid SteeringReporter::vehicle_status_callback(carla_msgs::msg::CarlaEgoVehicleStatus_<std::allocator<void> >::ConstSharedPtr)[m[Kâ€™:
[1.427s] [01m[K/home/tasl/autoware.universe-carla-ros-bridge/autoware_ros_bridge_carla/src/steering_reporter.cpp:42:51:[m[K [01;31m[Kerror: [m[Kâ€˜[01m[Kusing element_type = const struct carla_msgs::msg::CarlaEgoVehicleStatus_<std::allocator<void> >[m[Kâ€™ {aka â€˜[01m[Kconst struct carla_msgs::msg::CarlaEgoVehicleStatus_<std::allocator<void> >[m[Kâ€™} has no member named â€˜[01m[Kwheels[m[Kâ€™
[1.427s]    42 |             CarlaEgoVehicleInfoWheel arr[] = msg->[01;31m[Kwheels[m[K;
[1.427s]       |                                                   [01;31m[K^~~~~~[m[K
[1.427s] [01m[K/home/tasl/autoware.universe-carla-ros-bridge/autoware_ros_bridge_carla/src/steering_reporter.cpp:45:44:[m[K [01;31m[Kerror: [m[Kâ€˜[01m[Kusing CarlaEgoVehicleInfoWheel = struct carla_msgs::msg::CarlaEgoVehicleInfoWheel_<std::allocator<void> >[m[Kâ€™ {aka â€˜[01m[Kstruct carla_msgs::msg::CarlaEgoVehicleInfoWheel_<std::allocator<void> >[m[Kâ€™} has no member named â€˜[01m[Kmax_steering_angle[m[Kâ€™; did you mean â€˜[01m[Kmax_steer_angle[m[Kâ€™?
[1.427s]    45 |                 float wheel_angle = arr[i].[01;31m[Kmax_steering_angle[m[K;
[1.427s]       |                                            [01;31m[K^~~~~~~~~~~~~~~~~~[m[K
[1.428s]       |                                            [32m[Kmax_steer_angle[m[K
[1.428s] [01m[K/home/tasl/autoware.universe-carla-ros-bridge/autoware_ros_bridge_carla/src/steering_reporter.cpp:49:38:[m[K [01;31m[Kerror: [m[Kâ€˜[01m[KMath[m[Kâ€™ was not declared in this scope
[1.429s]    49 |                 max_steering_angle = [01;31m[KMath[m[K.min(max_steering_angle, wheel_angle);
[1.429s]       |                                      [01;31m[K^~~~[m[K
[1.429s] [01m[K/home/tasl/autoware.universe-carla-ros-bridge/autoware_ros_bridge_carla/src/steering_reporter.cpp:57:49:[m[K [01;31m[Kerror: [m[Kâ€˜[01m[Kusing element_type = const struct carla_msgs::msg::CarlaEgoVehicleStatus_<std::allocator<void> >[m[Kâ€™ {aka â€˜[01m[Kconst struct carla_msgs::msg::CarlaEgoVehicleStatus_<std::allocator<void> >[m[Kâ€™} has no member named â€˜[01m[Ksteer[m[Kâ€™
[1.429s]    57 |             printf("Steering Angle: %f\n", msg->[01;31m[Ksteer[m[K);
[1.429s]       |                                                 [01;31m[K^~~~~[m[K
[1.437s] [01m[K/home/tasl/autoware.universe-carla-ros-bridge/autoware_ros_bridge_carla/src/steering_reporter.cpp:[m[K In function â€˜[01m[Kint main(int, char**)[m[Kâ€™:
[1.437s] [01m[K/home/tasl/autoware.universe-carla-ros-bridge/autoware_ros_bridge_carla/src/steering_reporter.cpp:77:33:[m[K [01;31m[Kerror: [m[Kâ€˜[01m[KVelocityReporter[m[Kâ€™ was not declared in this scope
[1.437s]    77 |   rclcpp::spin(std::make_shared<[01;31m[KVelocityReporter[m[K>());
[1.437s]       |                                 [01;31m[K^~~~~~~~~~~~~~~~[m[K
[1.437s] [01m[K/home/tasl/autoware.universe-carla-ros-bridge/autoware_ros_bridge_carla/src/steering_reporter.cpp:77:51:[m[K [01;31m[Kerror: [m[Kno matching function for call to â€˜[01m[Kmake_shared<<expression error> >()[m[Kâ€™
[1.437s]    77 |   rclcpp::spin(std::make_shared<VelocityReporter>([01;31m[K)[m[K);
[1.437s]       |                                                   [01;31m[K^[m[K
[1.437s] In file included from [01m[K/usr/include/c++/9/memory:81[m[K,
[1.437s]                  from [01m[K/home/tasl/autoware.universe-carla-ros-bridge/autoware_ros_bridge_carla/src/steering_reporter.cpp:1[m[K:
[1.437s] [01m[K/usr/include/c++/9/bits/shared_ptr.h:714:5:[m[K [01;36m[Knote: [m[Kcandidate: â€˜[01m[Ktemplate<class _Tp, class ... _Args> std::shared_ptr<_Tp> std::make_shared(_Args&& ...)[m[Kâ€™
[1.437s]   714 |     [01;36m[Kmake_shared[m[K(_Args&&... __args)
[1.437s]       |     [01;36m[K^~~~~~~~~~~[m[K
[1.437s] [01m[K/usr/include/c++/9/bits/shared_ptr.h:714:5:[m[K [01;36m[Knote: [m[K  template argument deduction/substitution failed:
[1.437s] [01m[K/home/tasl/autoware.universe-carla-ros-bridge/autoware_ros_bridge_carla/src/steering_reporter.cpp:77:51:[m[K [01;31m[Kerror: [m[Ktemplate argument 1 is invalid
[1.437s]    77 |   rclcpp::spin(std::make_shared<VelocityReporter>([01;31m[K)[m[K);
[1.437s]       |                                                   [01;31m[K^[m[K
[3.148s] make[2]: *** [CMakeFiles/steering_reporter.dir/build.make:63: CMakeFiles/steering_reporter.dir/src/steering_reporter.cpp.o] Error 1
[3.149s] make[1]: *** [CMakeFiles/Makefile2:252: CMakeFiles/steering_reporter.dir/all] Error 2
[3.149s] make: *** [Makefile:141: all] Error 2
[3.153s] Invoked command in '/home/tasl/autoware.universe-carla-ros-bridge/build/autoware_ros_bridge_carla' returned '2': AMENT_PREFIX_PATH=/home/tasl/autoware.universe-carla-ros-bridge/install/carla_msgs:${AMENT_PREFIX_PATH} CMAKE_PREFIX_PATH=/opt/ros/galactic:/home/tasl/autoware.universe-carla-ros-bridge/install/carla_msgs:/home/tasl/autoware.universe-carla-ros-bridge/install/autoware_auto_vehicle_msgs:/home/tasl/autoware.universe-carla-ros-bridge/install/autoware_auto_control_msgs:/home/tasl/autoware.universe-carla-ros-bridge/install/autoware_ros_bridge_carla LD_LIBRARY_PATH=/home/tasl/autoware.universe-carla-ros-bridge/install/carla_msgs/lib:${LD_LIBRARY_PATH} PYTHONPATH=/home/tasl/autoware.universe-carla-ros-bridge/install/carla_msgs/lib/python3.8/site-packages:${PYTHONPATH} /usr/bin/cmake --build /home/tasl/autoware.universe-carla-ros-bridge/build/autoware_ros_bridge_carla -- -j16 -l16
