[35m[1mScanning dependencies of target odometry_remapper[0m
[ 11%] Built target jsontest
[ 22%] Built target velocity_reporter
[ 33%] Built target control_command_converter
[ 44%] Built target listener
[ 55%] Built target steering_reporter
[ 66%] Built target sensor_converter
[ 77%] Built target gnss_converter
[ 88%] Built target sender
[ 94%] [32mBuilding CXX object CMakeFiles/odometry_remapper.dir/src/odometry_remapper.cpp.o[0m
[01m[K/home/tasl/autoware.universe-carla-ros-bridge/autoware_ros_bridge_carla/src/odometry_remapper.cpp:[m[K In member function â€˜[01m[Kvoid OdometryRemapper::topic_callback(nav_msgs::msg::Odometry_<std::allocator<void> >::ConstSharedPtr)[m[Kâ€™:
[01m[K/home/tasl/autoware.universe-carla-ros-bridge/autoware_ros_bridge_carla/src/odometry_remapper.cpp:66:7:[m[K [01;31m[Kerror: [m[Kâ€˜[01m[Kmessaage[m[Kâ€™ was not declared in this scope; did you mean â€˜[01m[Kmessage[m[Kâ€™?
   66 |       [01;31m[Kmessaage[m[K.header.frame_id = "odom";
      |       [01;31m[K^~~~~~~~[m[K
      |       [32m[Kmessage[m[K
make[2]: *** [CMakeFiles/odometry_remapper.dir/build.make:63: CMakeFiles/odometry_remapper.dir/src/odometry_remapper.cpp.o] Error 1
make[1]: *** [CMakeFiles/Makefile2:337: CMakeFiles/odometry_remapper.dir/all] Error 2
make: *** [Makefile:141: all] Error 2
