[0.023s] Invoking command in '/home/tasl/autoware.universe-carla-ros-bridge/build/autoware_ros_bridge_carla': CMAKE_PREFIX_PATH=/home/tasl/autoware.universe-carla-ros-bridge/install/carla_msgs:/home/tasl/autoware.universe-carla-ros-bridge/install/autoware_auto_vehicle_msgs:/home/tasl/autoware.universe-carla-ros-bridge/install/autoware_auto_control_msgs:/home/tasl/autoware.universe-carla-ros-bridge/install/autoware_ros_bridge_carla:/opt/ros/galactic /usr/bin/cmake --build /home/tasl/autoware.universe-carla-ros-bridge/build/autoware_ros_bridge_carla -- -j16 -l16
[0.072s] [35m[1mScanning dependencies of target odometry_remapper[0m
[0.080s] [ 11%] Built target jsontest
[0.087s] [ 22%] Built target velocity_reporter
[0.087s] [ 33%] Built target control_command_converter
[0.088s] [ 44%] Built target listener
[0.088s] [ 55%] Built target steering_reporter
[0.089s] [ 66%] Built target sensor_converter
[0.090s] [ 77%] Built target gnss_converter
[0.091s] [ 88%] Built target sender
[0.106s] [ 94%] [32mBuilding CXX object CMakeFiles/odometry_remapper.dir/src/odometry_remapper.cpp.o[0m
[2.163s] [01m[K/home/tasl/autoware.universe-carla-ros-bridge/autoware_ros_bridge_carla/src/odometry_remapper.cpp:[m[K In member function â€˜[01m[Kvoid OdometryRemapper::topic_callback(nav_msgs::msg::Odometry_<std::allocator<void> >::ConstSharedPtr)[m[Kâ€™:
[2.163s] [01m[K/home/tasl/autoware.universe-carla-ros-bridge/autoware_ros_bridge_carla/src/odometry_remapper.cpp:66:7:[m[K [01;31m[Kerror: [m[Kâ€˜[01m[Kmessaage[m[Kâ€™ was not declared in this scope; did you mean â€˜[01m[Kmessage[m[Kâ€™?
[2.163s]    66 |       [01;31m[Kmessaage[m[K.header.frame_id = "odom";
[2.163s]       |       [01;31m[K^~~~~~~~[m[K
[2.163s]       |       [32m[Kmessage[m[K
[4.481s] make[2]: *** [CMakeFiles/odometry_remapper.dir/build.make:63: CMakeFiles/odometry_remapper.dir/src/odometry_remapper.cpp.o] Error 1
[4.481s] make[1]: *** [CMakeFiles/Makefile2:337: CMakeFiles/odometry_remapper.dir/all] Error 2
[4.481s] make: *** [Makefile:141: all] Error 2
[4.484s] Invoked command in '/home/tasl/autoware.universe-carla-ros-bridge/build/autoware_ros_bridge_carla' returned '2': CMAKE_PREFIX_PATH=/home/tasl/autoware.universe-carla-ros-bridge/install/carla_msgs:/home/tasl/autoware.universe-carla-ros-bridge/install/autoware_auto_vehicle_msgs:/home/tasl/autoware.universe-carla-ros-bridge/install/autoware_auto_control_msgs:/home/tasl/autoware.universe-carla-ros-bridge/install/autoware_ros_bridge_carla:/opt/ros/galactic /usr/bin/cmake --build /home/tasl/autoware.universe-carla-ros-bridge/build/autoware_ros_bridge_carla -- -j16 -l16
