[35m[1mScanning dependencies of target listener[0m
[ 50%] [32mBuilding CXX object CMakeFiles/listener.dir/src/testControlCommand.cpp.o[0m
[01m[K/home/tasl/autoware.auto-ros-bridge/autoware_ros_bridge_carla/src/testControlCommand.cpp:23:25:[m[K [01;31m[Kerror: [m[Kâ€˜[01m[KAckermannControlCommand[m[Kâ€™ has not been declared
   23 |     void topic_callback([01;31m[KAckermannControlCommand[m[K::ConstSharedPtr msg)
      |                         [01;31m[K^~~~~~~~~~~~~~~~~~~~~~~[m[K
[01m[K/home/tasl/autoware.auto-ros-bridge/autoware_ros_bridge_carla/src/testControlCommand.cpp:[m[K In member function â€˜[01m[Kvoid MinimalSubscriber::topic_callback(int)[m[Kâ€™:
[01m[K/home/tasl/autoware.auto-ros-bridge/autoware_ros_bridge_carla/src/testControlCommand.cpp:23:65:[m[K [01;35m[Kwarning: [m[Kunused parameter â€˜[01m[Kmsg[m[Kâ€™ [[01;35m[K-Wunused-parameter[m[K]
   23 |     void topic_callback([01;35m[KAckermannControlCommand::ConstSharedPtr msg[m[K)
      |                         [01;35m[K~~~~~~~~~~~~~~~~~~~~~~~~~~~~~~~~~~~~~~~~^~~[m[K
make[2]: *** [CMakeFiles/listener.dir/build.make:63: CMakeFiles/listener.dir/src/testControlCommand.cpp.o] Error 1
make[1]: *** [CMakeFiles/Makefile2:78: CMakeFiles/listener.dir/all] Error 2
make: *** [Makefile:141: all] Error 2
